[2025-06-18T22:33:54.231Z] no cache file found, path: /Users/macbookpro/Downloads/midscene/midscene_run/cache/booking-dubai-search.cache.yaml
[2025-06-18T22:33:54.233Z] no unused cache found, type: plan, prompt: click on the destination search box and type 'Dubai'
[2025-06-18T22:34:00.861Z] no unused cache found, type: locate, prompt: Where are you going?
[2025-06-18T22:34:01.672Z] will append cache {
  type: 'locate',
  prompt: 'Where are you going?',
  xpaths: [ '//*[@id=":rh:"]' ]
}
[2025-06-18T22:34:07.794Z] no unused cache found, type: locate, prompt: Where are you going?
[2025-06-18T22:34:08.523Z] will append cache {
  type: 'locate',
  prompt: 'Where are you going?',
  xpaths: [ '//*[@id=":rh:"]' ]
}
[2025-06-18T22:34:09.941Z] will append cache {
  type: 'plan',
  prompt: "click on the destination search box and type 'Dubai'",
  yamlWorkflow: 'tasks:\n' +
    "  - name: click on the destination search box and type 'Dubai'\n" +
    '    flow:\n' +
    '      - aiTap: Where are you going?\n' +
    '      - aiInput: Dubai\n' +
    '        locate: Where are you going?\n'
}
[2025-06-18T22:34:11.532Z] no unused cache found, type: plan, prompt: select Dubai from the dropdown suggestions
[2025-06-18T22:34:16.648Z] no unused cache found, type: locate, prompt: Dubai, Dubai Emirate, United Arab Emirates
[2025-06-18T22:34:17.970Z] will append cache {
  type: 'plan',
  prompt: 'select Dubai from the dropdown suggestions',
  yamlWorkflow: 'tasks:\n' +
    '  - name: select Dubai from the dropdown suggestions\n' +
    '    flow:\n' +
    '      - aiTap: Dubai, Dubai Emirate, United Arab Emirates\n'
}
[2025-06-18T22:34:18.881Z] no unused cache found, type: plan, prompt: click on the check-in date field
[2025-06-18T22:34:24.519Z] no unused cache found, type: locate, prompt: Check-in date
