[2025-06-18T22:32:47.165Z] launching browser with viewport, headed false viewport { width: 1366, height: 768, deviceScaleFactor: 2 } args [
  '--no-sandbox',
  '--disable-setuid-sandbox',
  '--disable-features=HttpsFirstBalancedModeAutoEnable',
  '--disable-features=PasswordLeakDetection',
  '--disable-save-password-bubble',
  '--user-agent="Mozilla/5.0 (Macintosh; Intel Mac OS X 10_15_7) AppleWebKit/537.36 (KHTML, like Gecko) Chrome/120.0.0.0 Safari/537.36"',
  '--window-size=1366,968'
] preference {
  headed: false,
  keepWindow: false,
  testId: 'booking-dubai-search',
  cacheId: 'booking-dubai-search'
}
[2025-06-18T22:32:50.788Z] goto https://www.booking.com
[2025-06-18T22:32:52.559Z] waitForNetworkIdle 3000
[2025-06-18T22:33:48.434Z] launching browser with viewport, headed false viewport { width: 1366, height: 768, deviceScaleFactor: 2 } args [
  '--no-sandbox',
  '--disable-setuid-sandbox',
  '--disable-features=HttpsFirstBalancedModeAutoEnable',
  '--disable-features=PasswordLeakDetection',
  '--disable-save-password-bubble',
  '--user-agent="Mozilla/5.0 (Macintosh; Intel Mac OS X 10_15_7) AppleWebKit/537.36 (KHTML, like Gecko) Chrome/120.0.0.0 Safari/537.36"',
  '--window-size=1366,968'
] preference {
  headed: false,
  keepWindow: false,
  testId: 'booking-dubai-search',
  cacheId: 'booking-dubai-search'
}
[2025-06-18T22:33:49.472Z] goto https://www.booking.com
[2025-06-18T22:33:51.224Z] waitForNetworkIdle 3000
