[2025-06-18T22:33:54.286Z] waitForNavigation begin
[2025-06-18T22:33:54.286Z] waitForNavigation timeout: 5000
[2025-06-18T22:33:54.287Z] waitForNavigation begin
[2025-06-18T22:33:54.287Z] waitForNavigation timeout: 5000
[2025-06-18T22:33:54.297Z] waitForNavigation end
[2025-06-18T22:33:54.297Z] screenshotBase64 begin
[2025-06-18T22:33:54.298Z] waitForNavigation end
[2025-06-18T22:33:54.299Z] evaluate function begin
[2025-06-18T22:33:54.355Z] evaluate function end
[2025-06-18T22:33:54.612Z] screenshotBase64 end
[2025-06-18T22:33:54.613Z] evaluate function begin
[2025-06-18T22:33:54.614Z] evaluate function end
[2025-06-18T22:33:59.767Z] waitForNavigation begin
[2025-06-18T22:33:59.767Z] waitForNavigation timeout: 5000
[2025-06-18T22:33:59.768Z] waitForNavigation begin
[2025-06-18T22:33:59.768Z] waitForNavigation timeout: 5000
[2025-06-18T22:33:59.772Z] waitForNavigation end
[2025-06-18T22:33:59.772Z] screenshotBase64 begin
[2025-06-18T22:33:59.772Z] waitForNavigation end
[2025-06-18T22:33:59.773Z] evaluate function begin
[2025-06-18T22:33:59.821Z] evaluate function end
[2025-06-18T22:33:59.880Z] screenshotBase64 end
[2025-06-18T22:34:00.881Z] waitForNavigation begin
[2025-06-18T22:34:00.882Z] waitForNavigation timeout: 5000
[2025-06-18T22:34:00.882Z] waitForNavigation begin
[2025-06-18T22:34:00.882Z] waitForNavigation timeout: 5000
[2025-06-18T22:34:00.893Z] waitForNavigation end
[2025-06-18T22:34:00.893Z] screenshotBase64 begin
[2025-06-18T22:34:00.894Z] waitForNavigation end
[2025-06-18T22:34:00.894Z] evaluate function begin
[2025-06-18T22:34:00.950Z] evaluate function end
[2025-06-18T22:34:01.014Z] screenshotBase64 end
[2025-06-18T22:34:01.668Z] evaluate function begin
[2025-06-18T22:34:01.672Z] evaluate function end
[2025-06-18T22:34:01.675Z] waitForNavigation begin
[2025-06-18T22:34:01.675Z] waitForNavigation timeout: 5000
[2025-06-18T22:34:01.678Z] waitForNavigation end
[2025-06-18T22:34:01.678Z] screenshotBase64 begin
[2025-06-18T22:34:01.751Z] screenshotBase64 end
[2025-06-18T22:34:02.216Z] waitForNavigation begin
[2025-06-18T22:34:02.216Z] waitForNavigation timeout: 5000
[2025-06-18T22:34:02.220Z] waitForNavigation end
[2025-06-18T22:34:02.220Z] screenshotBase64 begin
[2025-06-18T22:34:02.297Z] screenshotBase64 end
[2025-06-18T22:34:02.316Z] waitForNavigation begin
[2025-06-18T22:34:02.316Z] waitForNavigation timeout: 5000
[2025-06-18T22:34:02.316Z] waitForNavigation begin
[2025-06-18T22:34:02.316Z] waitForNavigation timeout: 5000
[2025-06-18T22:34:02.319Z] waitForNavigation end
[2025-06-18T22:34:02.320Z] screenshotBase64 begin
[2025-06-18T22:34:02.320Z] waitForNavigation end
[2025-06-18T22:34:02.320Z] evaluate function begin
[2025-06-18T22:34:02.367Z] evaluate function end
[2025-06-18T22:34:02.411Z] screenshotBase64 end
[2025-06-18T22:34:07.006Z] waitForNavigation begin
[2025-06-18T22:34:07.006Z] waitForNavigation timeout: 5000
[2025-06-18T22:34:07.006Z] waitForNavigation begin
[2025-06-18T22:34:07.006Z] waitForNavigation timeout: 5000
[2025-06-18T22:34:07.010Z] waitForNavigation end
[2025-06-18T22:34:07.010Z] screenshotBase64 begin
[2025-06-18T22:34:07.011Z] waitForNavigation end
[2025-06-18T22:34:07.011Z] evaluate function begin
[2025-06-18T22:34:07.066Z] evaluate function end
[2025-06-18T22:34:07.157Z] screenshotBase64 end
[2025-06-18T22:34:07.811Z] waitForNavigation begin
[2025-06-18T22:34:07.811Z] waitForNavigation timeout: 5000
[2025-06-18T22:34:07.811Z] waitForNavigation begin
[2025-06-18T22:34:07.811Z] waitForNavigation timeout: 5000
[2025-06-18T22:34:07.814Z] waitForNavigation end
[2025-06-18T22:34:07.814Z] screenshotBase64 begin
[2025-06-18T22:34:07.814Z] waitForNavigation end
[2025-06-18T22:34:07.815Z] evaluate function begin
[2025-06-18T22:34:07.859Z] evaluate function end
[2025-06-18T22:34:07.911Z] screenshotBase64 end
[2025-06-18T22:34:08.520Z] evaluate function begin
[2025-06-18T22:34:08.522Z] evaluate function end
[2025-06-18T22:34:08.523Z] waitForNavigation begin
[2025-06-18T22:34:08.523Z] waitForNavigation timeout: 5000
[2025-06-18T22:34:08.525Z] waitForNavigation end
[2025-06-18T22:34:08.525Z] screenshotBase64 begin
[2025-06-18T22:34:08.584Z] screenshotBase64 end
[2025-06-18T22:34:09.840Z] waitForNavigation begin
[2025-06-18T22:34:09.840Z] waitForNavigation timeout: 5000
[2025-06-18T22:34:09.844Z] waitForNavigation end
[2025-06-18T22:34:09.844Z] screenshotBase64 begin
[2025-06-18T22:34:09.940Z] screenshotBase64 end
[2025-06-18T22:34:11.581Z] waitForNavigation begin
[2025-06-18T22:34:11.581Z] waitForNavigation timeout: 5000
[2025-06-18T22:34:11.581Z] waitForNavigation begin
[2025-06-18T22:34:11.581Z] waitForNavigation timeout: 5000
[2025-06-18T22:34:11.587Z] waitForNavigation end
[2025-06-18T22:34:11.587Z] screenshotBase64 begin
[2025-06-18T22:34:11.587Z] waitForNavigation end
[2025-06-18T22:34:11.587Z] evaluate function begin
[2025-06-18T22:34:11.642Z] evaluate function end
[2025-06-18T22:34:11.689Z] screenshotBase64 end
[2025-06-18T22:34:15.919Z] waitForNavigation begin
[2025-06-18T22:34:15.919Z] waitForNavigation timeout: 5000
[2025-06-18T22:34:15.919Z] waitForNavigation begin
[2025-06-18T22:34:15.919Z] waitForNavigation timeout: 5000
[2025-06-18T22:34:15.922Z] waitForNavigation end
[2025-06-18T22:34:15.923Z] screenshotBase64 begin
[2025-06-18T22:34:15.923Z] waitForNavigation end
[2025-06-18T22:34:15.923Z] evaluate function begin
[2025-06-18T22:34:15.974Z] evaluate function end
[2025-06-18T22:34:16.033Z] screenshotBase64 end
[2025-06-18T22:34:16.668Z] waitForNavigation begin
[2025-06-18T22:34:16.668Z] waitForNavigation timeout: 5000
[2025-06-18T22:34:16.668Z] waitForNavigation begin
[2025-06-18T22:34:16.668Z] waitForNavigation timeout: 5000
[2025-06-18T22:34:16.672Z] waitForNavigation end
[2025-06-18T22:34:16.672Z] screenshotBase64 begin
[2025-06-18T22:34:16.672Z] waitForNavigation end
[2025-06-18T22:34:16.672Z] evaluate function begin
[2025-06-18T22:34:16.719Z] evaluate function end
[2025-06-18T22:34:16.804Z] screenshotBase64 end
[2025-06-18T22:34:17.418Z] evaluate function begin
[2025-06-18T22:34:17.422Z] evaluate function end
[2025-06-18T22:34:17.423Z] waitForNavigation begin
[2025-06-18T22:34:17.423Z] waitForNavigation timeout: 5000
[2025-06-18T22:34:17.426Z] waitForNavigation end
[2025-06-18T22:34:17.426Z] screenshotBase64 begin
[2025-06-18T22:34:17.487Z] screenshotBase64 end
[2025-06-18T22:34:17.894Z] waitForNavigation begin
[2025-06-18T22:34:17.894Z] waitForNavigation timeout: 5000
[2025-06-18T22:34:17.898Z] waitForNavigation end
[2025-06-18T22:34:17.898Z] screenshotBase64 begin
[2025-06-18T22:34:17.969Z] screenshotBase64 end
[2025-06-18T22:34:18.912Z] waitForNavigation begin
[2025-06-18T22:34:18.912Z] waitForNavigation timeout: 5000
[2025-06-18T22:34:18.912Z] waitForNavigation begin
[2025-06-18T22:34:18.912Z] waitForNavigation timeout: 5000
[2025-06-18T22:34:18.916Z] waitForNavigation end
[2025-06-18T22:34:18.916Z] screenshotBase64 begin
[2025-06-18T22:34:18.916Z] waitForNavigation end
[2025-06-18T22:34:18.916Z] evaluate function begin
[2025-06-18T22:34:18.980Z] evaluate function end
[2025-06-18T22:34:19.038Z] screenshotBase64 end
[2025-06-18T22:34:23.722Z] waitForNavigation begin
[2025-06-18T22:34:23.722Z] waitForNavigation timeout: 5000
[2025-06-18T22:34:23.722Z] waitForNavigation begin
[2025-06-18T22:34:23.722Z] waitForNavigation timeout: 5000
[2025-06-18T22:34:23.725Z] waitForNavigation end
[2025-06-18T22:34:23.725Z] screenshotBase64 begin
[2025-06-18T22:34:23.725Z] waitForNavigation end
[2025-06-18T22:34:23.725Z] evaluate function begin
[2025-06-18T22:34:23.792Z] evaluate function end
[2025-06-18T22:34:23.887Z] screenshotBase64 end
[2025-06-18T22:34:24.520Z] evaluate function begin
