[2025-06-19T00:17:54.489+02:00] writeOutActionDumps /Users/macbookpro/Downloads/midscene/midscene_run/report/android-2025-06-19_00-16-35-sj98a50r.html
[2025-06-19T00:17:54.518+02:00] writeOutActionDumps /Users/macbookpro/Downloads/midscene/midscene_run/report/android-2025-06-19_00-16-35-sj98a50r.html
[2025-06-19T00:18:38.761+02:00] writeOutActionDumps /Users/macbookpro/Downloads/midscene/midscene_run/report/android-2025-06-19_00-17-27-253bmoj8.html
[2025-06-19T00:18:38.799+02:00] writeOutActionDumps /Users/macbookpro/Downloads/midscene/midscene_run/report/android-2025-06-19_00-17-27-253bmoj8.html
[2025-06-19T00:19:05.874+02:00] writeOutActionDumps /Users/macbookpro/Downloads/midscene/midscene_run/report/android-2025-06-19_00-18-11-z276dvl5.html
[2025-06-19T00:19:05.907+02:00] writeOutActionDumps /Users/macbookpro/Downloads/midscene/midscene_run/report/android-2025-06-19_00-18-11-z276dvl5.html
[2025-06-19T00:23:00.012+02:00] writeOutActionDumps /Users/macbookpro/Downloads/midscene/midscene_run/report/android-2025-06-19_00-19-30-5y5flpx2.html
[2025-06-19T00:23:00.136+02:00] writeOutActionDumps /Users/macbookpro/Downloads/midscene/midscene_run/report/android-2025-06-19_00-19-30-5y5flpx2.html
[2025-06-19T00:23:21.316+02:00] writeOutActionDumps /Users/macbookpro/Downloads/midscene/midscene_run/report/android-2025-06-19_00-23-18-a87s7qjy.html
[2025-06-19T00:23:21.335+02:00] writeOutActionDumps /Users/macbookpro/Downloads/midscene/midscene_run/report/android-2025-06-19_00-23-18-a87s7qjy.html
[2025-06-19T00:23:48.710+02:00] writeOutActionDumps /Users/macbookpro/Downloads/midscene/midscene_run/report/android-2025-06-19_00-22-51-ym1qbor0.html
[2025-06-19T00:23:48.744+02:00] writeOutActionDumps /Users/macbookpro/Downloads/midscene/midscene_run/report/android-2025-06-19_00-22-51-ym1qbor0.html
[2025-06-19T00:26:40.565+02:00] writeOutActionDumps /Users/macbookpro/Downloads/midscene/midscene_run/report/android-2025-06-19_00-23-24-505p6ee0.html
[2025-06-19T00:26:40.651+02:00] writeOutActionDumps /Users/macbookpro/Downloads/midscene/midscene_run/report/android-2025-06-19_00-23-24-505p6ee0.html
[2025-06-18T22:34:10.026Z] writeOutActionDumps /Users/macbookpro/Downloads/midscene/midscene_run/report/booking-dubai-search-2025-06-19_00-33-54-7q855szb.html
[2025-06-18T22:34:18.080Z] writeOutActionDumps /Users/macbookpro/Downloads/midscene/midscene_run/report/booking-dubai-search-2025-06-19_00-33-54-7q855szb.html
[2025-06-18T22:37:08.327Z] writeOutActionDumps /Users/macbookpro/Downloads/midscene/midscene_run/report/android-2025-06-19_00-36-26-vmp5mj1y.html
[2025-06-18T22:37:24.589Z] writeOutActionDumps /Users/macbookpro/Downloads/midscene/midscene_run/report/android-2025-06-19_00-36-26-vmp5mj1y.html
[2025-06-18T22:37:45.691Z] writeOutActionDumps /Users/macbookpro/Downloads/midscene/midscene_run/report/android-2025-06-19_00-36-26-vmp5mj1y.html
[2025-06-18T22:37:59.979Z] writeOutActionDumps /Users/macbookpro/Downloads/midscene/midscene_run/report/android-2025-06-19_00-36-26-vmp5mj1y.html
[2025-06-18T22:38:15.421Z] writeOutActionDumps /Users/macbookpro/Downloads/midscene/midscene_run/report/android-2025-06-19_00-36-26-vmp5mj1y.html
[2025-06-18T22:38:58.893Z] writeOutActionDumps /Users/macbookpro/Downloads/midscene/midscene_run/report/android-2025-06-19_00-36-26-vmp5mj1y.html
[2025-06-19T12:43:48.394+02:00] writeOutActionDumps /Users/macbookpro/Downloads/midscene/midscene_run/report/android-2025-06-19_12-40-39-zoesztxn.html
[2025-06-19T12:43:48.463+02:00] writeOutActionDumps /Users/macbookpro/Downloads/midscene/midscene_run/report/android-2025-06-19_12-40-39-zoesztxn.html
[2025-06-19T12:45:50.232+02:00] writeOutActionDumps /Users/macbookpro/Downloads/midscene/midscene_run/report/android-2025-06-19_12-44-28-lul38vys.html
[2025-06-19T12:45:50.273+02:00] writeOutActionDumps /Users/macbookpro/Downloads/midscene/midscene_run/report/android-2025-06-19_12-44-28-lul38vys.html
[2025-06-19T12:50:03.153+02:00] writeOutActionDumps /Users/macbookpro/Downloads/midscene/midscene_run/report/android-2025-06-19_12-46-41-wefgiaif.html
[2025-06-19T12:50:03.227+02:00] writeOutActionDumps /Users/macbookpro/Downloads/midscene/midscene_run/report/android-2025-06-19_12-46-41-wefgiaif.html
[2025-06-19T12:52:39.445+02:00] writeOutActionDumps /Users/macbookpro/Downloads/midscene/midscene_run/report/android-2025-06-19_12-50-41-i0zepgi0.html
[2025-06-19T12:52:39.508+02:00] writeOutActionDumps /Users/macbookpro/Downloads/midscene/midscene_run/report/android-2025-06-19_12-50-41-i0zepgi0.html
[2025-06-19T14:23:02.820+02:00] writeOutActionDumps /Users/macbookpro/Downloads/midscene/midscene_run/report/android-2025-06-19_14-22-57-prw7ffty.html
[2025-06-19T14:23:02.842+02:00] writeOutActionDumps /Users/macbookpro/Downloads/midscene/midscene_run/report/android-2025-06-19_14-22-57-prw7ffty.html
[2025-06-19T14:25:48.746+02:00] writeOutActionDumps /Users/macbookpro/Downloads/midscene/midscene_run/report/android-2025-06-19_14-25-43-wvlugqae.html
[2025-06-19T14:25:48.766+02:00] writeOutActionDumps /Users/macbookpro/Downloads/midscene/midscene_run/report/android-2025-06-19_14-25-43-wvlugqae.html
[2025-06-19T14:28:26.791+02:00] writeOutActionDumps /Users/macbookpro/Downloads/midscene/midscene_run/report/android-2025-06-19_14-27-57-qb1k3z5e.html
[2025-06-19T14:28:26.812+02:00] writeOutActionDumps /Users/macbookpro/Downloads/midscene/midscene_run/report/android-2025-06-19_14-27-57-qb1k3z5e.html
[2025-06-19T14:28:39.324+02:00] writeOutActionDumps /Users/macbookpro/Downloads/midscene/midscene_run/report/android-2025-06-19_14-28-34-im256ejc.html
[2025-06-19T14:28:39.348+02:00] writeOutActionDumps /Users/macbookpro/Downloads/midscene/midscene_run/report/android-2025-06-19_14-28-34-im256ejc.html
[2025-06-19T14:30:03.682+02:00] writeOutActionDumps /Users/macbookpro/Downloads/midscene/midscene_run/report/android-2025-06-19_14-29-58-aa4eog32.html
[2025-06-19T14:30:03.701+02:00] writeOutActionDumps /Users/macbookpro/Downloads/midscene/midscene_run/report/android-2025-06-19_14-29-58-aa4eog32.html
[2025-06-19T14:34:42.298+02:00] writeOutActionDumps /Users/macbookpro/Downloads/midscene/midscene_run/report/android-2025-06-19_14-34-35-a7o70z8x.html
[2025-06-19T14:34:42.318+02:00] writeOutActionDumps /Users/macbookpro/Downloads/midscene/midscene_run/report/android-2025-06-19_14-34-35-a7o70z8x.html
[2025-06-19T14:38:30.889+02:00] writeOutActionDumps /Users/macbookpro/Downloads/midscene/midscene_run/report/android-2025-06-19_14-38-25-h9hxjsf4.html
[2025-06-19T14:38:30.912+02:00] writeOutActionDumps /Users/macbookpro/Downloads/midscene/midscene_run/report/android-2025-06-19_14-38-25-h9hxjsf4.html
[2025-06-19T14:46:36.609+02:00] writeOutActionDumps /Users/macbookpro/Downloads/midscene/midscene_run/report/android-2025-06-19_14-46-11-90slsarh.html
[2025-06-19T14:46:36.632+02:00] writeOutActionDumps /Users/macbookpro/Downloads/midscene/midscene_run/report/android-2025-06-19_14-46-11-90slsarh.html
[2025-06-19T12:50:16.872Z] writeOutActionDumps /Users/macbookpro/Downloads/midscene/midscene_run/report/android-2025-06-19_14-49-45-x3qjllpb.html
[2025-06-19T12:50:33.945Z] writeOutActionDumps /Users/macbookpro/Downloads/midscene/midscene_run/report/android-2025-06-19_14-49-45-x3qjllpb.html
[2025-06-19T12:51:14.022Z] writeOutActionDumps /Users/macbookpro/Downloads/midscene/midscene_run/report/android-2025-06-19_14-49-45-x3qjllpb.html
[2025-06-19T12:51:32.056Z] writeOutActionDumps /Users/macbookpro/Downloads/midscene/midscene_run/report/android-2025-06-19_14-49-45-x3qjllpb.html
[2025-06-19T12:52:06.547Z] writeOutActionDumps /Users/macbookpro/Downloads/midscene/midscene_run/report/android-2025-06-19_14-49-45-x3qjllpb.html
[2025-06-19T12:52:48.782Z] writeOutActionDumps /Users/macbookpro/Downloads/midscene/midscene_run/report/android-2025-06-19_14-49-45-x3qjllpb.html
[2025-06-19T12:53:28.732Z] writeOutActionDumps /Users/macbookpro/Downloads/midscene/midscene_run/report/android-2025-06-19_14-49-45-x3qjllpb.html
[2025-06-19T12:53:44.764Z] writeOutActionDumps /Users/macbookpro/Downloads/midscene/midscene_run/report/android-2025-06-19_14-49-45-x3qjllpb.html
[2025-06-19T12:54:05.543Z] writeOutActionDumps /Users/macbookpro/Downloads/midscene/midscene_run/report/android-2025-06-19_14-49-45-x3qjllpb.html
[2025-06-19T12:54:16.725Z] writeOutActionDumps /Users/macbookpro/Downloads/midscene/midscene_run/report/android-2025-06-19_14-49-45-x3qjllpb.html
[2025-06-19T12:55:25.281Z] writeOutActionDumps /Users/macbookpro/Downloads/midscene/midscene_run/report/android-2025-06-19_14-49-45-x3qjllpb.html
[2025-06-19T12:55:35.047Z] writeOutActionDumps /Users/macbookpro/Downloads/midscene/midscene_run/report/android-2025-06-19_14-49-45-x3qjllpb.html
[2025-06-19T12:56:10.827Z] writeOutActionDumps /Users/macbookpro/Downloads/midscene/midscene_run/report/android-2025-06-19_14-49-45-x3qjllpb.html
[2025-06-19T12:56:34.415Z] writeOutActionDumps /Users/macbookpro/Downloads/midscene/midscene_run/report/android-2025-06-19_14-49-45-x3qjllpb.html
[2025-06-19T12:56:54.693Z] writeOutActionDumps /Users/macbookpro/Downloads/midscene/midscene_run/report/android-2025-06-19_14-49-45-x3qjllpb.html
[2025-06-19T12:57:05.156Z] writeOutActionDumps /Users/macbookpro/Downloads/midscene/midscene_run/report/android-2025-06-19_14-49-45-x3qjllpb.html
[2025-06-19T12:58:59.902Z] writeOutActionDumps /Users/macbookpro/Downloads/midscene/midscene_run/report/android-2025-06-19_14-58-39-r40pvqti.html
[2025-06-19T12:59:13.673Z] writeOutActionDumps /Users/macbookpro/Downloads/midscene/midscene_run/report/android-2025-06-19_14-58-39-r40pvqti.html
[2025-06-19T12:59:51.465Z] writeOutActionDumps /Users/macbookpro/Downloads/midscene/midscene_run/report/android-2025-06-19_14-58-39-r40pvqti.html
[2025-06-19T13:00:06.090Z] writeOutActionDumps /Users/macbookpro/Downloads/midscene/midscene_run/report/android-2025-06-19_14-58-39-r40pvqti.html
[2025-06-19T13:00:43.897Z] writeOutActionDumps /Users/macbookpro/Downloads/midscene/midscene_run/report/android-2025-06-19_14-58-39-r40pvqti.html
[2025-06-19T13:01:24.162Z] writeOutActionDumps /Users/macbookpro/Downloads/midscene/midscene_run/report/android-2025-06-19_14-58-39-r40pvqti.html
[2025-06-19T13:01:56.030Z] writeOutActionDumps /Users/macbookpro/Downloads/midscene/midscene_run/report/android-2025-06-19_14-58-39-r40pvqti.html
[2025-06-19T13:02:14.109Z] writeOutActionDumps /Users/macbookpro/Downloads/midscene/midscene_run/report/android-2025-06-19_14-58-39-r40pvqti.html
[2025-06-19T13:02:34.955Z] writeOutActionDumps /Users/macbookpro/Downloads/midscene/midscene_run/report/android-2025-06-19_14-58-39-r40pvqti.html
[2025-06-19T13:03:11.110Z] writeOutActionDumps /Users/macbookpro/Downloads/midscene/midscene_run/report/android-2025-06-19_14-58-39-r40pvqti.html
[2025-06-19T13:03:32.189Z] writeOutActionDumps /Users/macbookpro/Downloads/midscene/midscene_run/report/android-2025-06-19_14-58-39-r40pvqti.html
[2025-06-19T13:03:51.668Z] writeOutActionDumps /Users/macbookpro/Downloads/midscene/midscene_run/report/android-2025-06-19_14-58-39-r40pvqti.html
[2025-06-19T13:04:10.569Z] writeOutActionDumps /Users/macbookpro/Downloads/midscene/midscene_run/report/android-2025-06-19_14-58-39-r40pvqti.html
[2025-06-19T13:04:32.587Z] writeOutActionDumps /Users/macbookpro/Downloads/midscene/midscene_run/report/android-2025-06-19_14-58-39-r40pvqti.html
[2025-06-19T13:04:50.800Z] writeOutActionDumps /Users/macbookpro/Downloads/midscene/midscene_run/report/android-2025-06-19_14-58-39-r40pvqti.html
[2025-06-19T13:05:16.799Z] writeOutActionDumps /Users/macbookpro/Downloads/midscene/midscene_run/report/android-2025-06-19_14-58-39-r40pvqti.html
[2025-06-19T13:05:37.262Z] writeOutActionDumps /Users/macbookpro/Downloads/midscene/midscene_run/report/android-2025-06-19_14-58-39-r40pvqti.html
[2025-06-19T13:05:52.709Z] writeOutActionDumps /Users/macbookpro/Downloads/midscene/midscene_run/report/android-2025-06-19_14-58-39-r40pvqti.html
[2025-06-19T13:06:13.753Z] writeOutActionDumps /Users/macbookpro/Downloads/midscene/midscene_run/report/android-2025-06-19_14-58-39-r40pvqti.html
[2025-06-19T13:06:28.412Z] writeOutActionDumps /Users/macbookpro/Downloads/midscene/midscene_run/report/android-2025-06-19_14-58-39-r40pvqti.html
[2025-06-19T13:08:38.157Z] writeOutActionDumps /Users/macbookpro/Downloads/midscene/midscene_run/report/android-2025-06-19_15-08-12-vi9eghv6.html
[2025-06-19T13:08:58.801Z] writeOutActionDumps /Users/macbookpro/Downloads/midscene/midscene_run/report/android-2025-06-19_15-08-12-vi9eghv6.html
[2025-06-19T13:09:48.413Z] writeOutActionDumps /Users/macbookpro/Downloads/midscene/midscene_run/report/android-2025-06-19_15-08-12-vi9eghv6.html
[2025-06-19T13:10:07.729Z] writeOutActionDumps /Users/macbookpro/Downloads/midscene/midscene_run/report/android-2025-06-19_15-08-12-vi9eghv6.html
[2025-06-19T13:10:41.769Z] writeOutActionDumps /Users/macbookpro/Downloads/midscene/midscene_run/report/android-2025-06-19_15-08-12-vi9eghv6.html
[2025-06-19T13:11:30.665Z] writeOutActionDumps /Users/macbookpro/Downloads/midscene/midscene_run/report/android-2025-06-19_15-08-12-vi9eghv6.html
[2025-06-19T13:12:12.763Z] writeOutActionDumps /Users/macbookpro/Downloads/midscene/midscene_run/report/android-2025-06-19_15-08-12-vi9eghv6.html
[2025-06-19T13:12:35.659Z] writeOutActionDumps /Users/macbookpro/Downloads/midscene/midscene_run/report/android-2025-06-19_15-08-12-vi9eghv6.html
[2025-06-19T13:12:51.811Z] writeOutActionDumps /Users/macbookpro/Downloads/midscene/midscene_run/report/android-2025-06-19_15-08-12-vi9eghv6.html
[2025-06-19T13:13:06.471Z] writeOutActionDumps /Users/macbookpro/Downloads/midscene/midscene_run/report/android-2025-06-19_15-08-12-vi9eghv6.html
[2025-06-23T21:00:28.308+02:00] writeOutActionDumps /Users/macbookpro/Downloads/midscene/midscene_run/report/android-2025-06-23_21-00-03-y5i7bvtw.html
[2025-06-23T21:00:48.995+02:00] writeOutActionDumps /Users/macbookpro/Downloads/midscene/midscene_run/report/android-2025-06-23_21-00-03-y5i7bvtw.html
[2025-06-23T21:01:08.580+02:00] writeOutActionDumps /Users/macbookpro/Downloads/midscene/midscene_run/report/android-2025-06-23_21-00-03-y5i7bvtw.html
[2025-06-23T21:01:28.789+02:00] writeOutActionDumps /Users/macbookpro/Downloads/midscene/midscene_run/report/android-2025-06-23_21-00-03-y5i7bvtw.html
[2025-06-23T21:02:02.768+02:00] writeOutActionDumps /Users/macbookpro/Downloads/midscene/midscene_run/report/android-2025-06-23_21-01-50-121pdc45.html
[2025-06-23T21:02:29.727+02:00] writeOutActionDumps /Users/macbookpro/Downloads/midscene/midscene_run/report/android-2025-06-23_21-02-17-pedktayi.html
[2025-06-23T21:03:00.575+02:00] writeOutActionDumps /Users/macbookpro/Downloads/midscene/midscene_run/report/android-2025-06-23_21-02-48-zum4uzg5.html
[2025-06-23T21:04:04.666+02:00] writeOutActionDumps /Users/macbookpro/Downloads/midscene/midscene_run/report/android-2025-06-23_21-03-52-avz0ezlu.html
[2025-06-23T21:04:33.224+02:00] writeOutActionDumps /Users/macbookpro/Downloads/midscene/midscene_run/report/android-2025-06-23_21-04-20-uhkgrrzo.html
[2025-06-23T21:06:19.933+02:00] writeOutActionDumps /Users/macbookpro/Downloads/midscene/midscene_run/report/android-2025-06-23_21-05-47-oje52tn0.html
[2025-06-23T21:06:43.677+02:00] writeOutActionDumps /Users/macbookpro/Downloads/midscene/midscene_run/report/android-2025-06-23_21-05-47-oje52tn0.html
[2025-06-23T21:07:49.467+02:00] writeOutActionDumps /Users/macbookpro/Downloads/midscene/midscene_run/report/android-2025-06-23_21-07-17-yowk0fem.html
[2025-06-23T21:08:14.476+02:00] writeOutActionDumps /Users/macbookpro/Downloads/midscene/midscene_run/report/android-2025-06-23_21-07-17-yowk0fem.html
[2025-06-23T21:08:37.761+02:00] writeOutActionDumps /Users/macbookpro/Downloads/midscene/midscene_run/report/android-2025-06-23_21-07-17-yowk0fem.html
[2025-06-23T21:09:00.194+02:00] writeOutActionDumps /Users/macbookpro/Downloads/midscene/midscene_run/report/android-2025-06-23_21-07-17-yowk0fem.html
[2025-06-23T21:11:08.863+02:00] writeOutActionDumps /Users/macbookpro/Downloads/midscene/midscene_run/report/android-2025-06-23_21-10-48-q0kfbnyk.html
[2025-06-23T21:11:34.123+02:00] writeOutActionDumps /Users/macbookpro/Downloads/midscene/midscene_run/report/android-2025-06-23_21-10-48-q0kfbnyk.html
[2025-06-23T21:15:20.840+02:00] writeOutActionDumps /Users/macbookpro/Downloads/midscene/midscene_run/report/android-2025-06-23_21-10-48-q0kfbnyk.html
[2025-06-23T21:19:24.887+02:00] writeOutActionDumps /Users/macbookpro/Downloads/midscene/midscene_run/report/android-2025-06-23_21-19-05-n03vykpt.html
[2025-06-23T21:19:48.402+02:00] writeOutActionDumps /Users/macbookpro/Downloads/midscene/midscene_run/report/android-2025-06-23_21-19-05-n03vykpt.html
[2025-06-23T21:20:16.010+02:00] writeOutActionDumps /Users/macbookpro/Downloads/midscene/midscene_run/report/android-2025-06-23_21-19-05-n03vykpt.html
[2025-06-23T21:20:36.111+02:00] writeOutActionDumps /Users/macbookpro/Downloads/midscene/midscene_run/report/android-2025-06-23_21-19-05-n03vykpt.html
[2025-06-23T21:20:57.072+02:00] writeOutActionDumps /Users/macbookpro/Downloads/midscene/midscene_run/report/android-2025-06-23_21-19-05-n03vykpt.html
[2025-06-23T21:21:19.757+02:00] writeOutActionDumps /Users/macbookpro/Downloads/midscene/midscene_run/report/android-2025-06-23_21-19-05-n03vykpt.html
[2025-06-23T21:21:42.136+02:00] writeOutActionDumps /Users/macbookpro/Downloads/midscene/midscene_run/report/android-2025-06-23_21-19-05-n03vykpt.html
[2025-06-23T21:22:06.935+02:00] writeOutActionDumps /Users/macbookpro/Downloads/midscene/midscene_run/report/android-2025-06-23_21-19-05-n03vykpt.html
[2025-06-23T21:22:35.002+02:00] writeOutActionDumps /Users/macbookpro/Downloads/midscene/midscene_run/report/android-2025-06-23_21-19-05-n03vykpt.html
[2025-06-23T21:22:57.106+02:00] writeOutActionDumps /Users/macbookpro/Downloads/midscene/midscene_run/report/android-2025-06-23_21-19-05-n03vykpt.html
[2025-06-23T21:23:17.541+02:00] writeOutActionDumps /Users/macbookpro/Downloads/midscene/midscene_run/report/android-2025-06-23_21-19-05-n03vykpt.html
[2025-06-23T21:23:43.019+02:00] writeOutActionDumps /Users/macbookpro/Downloads/midscene/midscene_run/report/android-2025-06-23_21-19-05-n03vykpt.html
[2025-06-23T21:24:05.402+02:00] writeOutActionDumps /Users/macbookpro/Downloads/midscene/midscene_run/report/android-2025-06-23_21-19-05-n03vykpt.html
[2025-06-23T21:24:26.575+02:00] writeOutActionDumps /Users/macbookpro/Downloads/midscene/midscene_run/report/android-2025-06-23_21-19-05-n03vykpt.html
[2025-06-23T21:24:50.723+02:00] writeOutActionDumps /Users/macbookpro/Downloads/midscene/midscene_run/report/android-2025-06-23_21-19-05-n03vykpt.html
[2025-06-23T21:25:12.159+02:00] writeOutActionDumps /Users/macbookpro/Downloads/midscene/midscene_run/report/android-2025-06-23_21-19-05-n03vykpt.html
[2025-06-23T21:25:36.655+02:00] writeOutActionDumps /Users/macbookpro/Downloads/midscene/midscene_run/report/android-2025-06-23_21-19-05-n03vykpt.html
[2025-06-23T21:25:54.756+02:00] writeOutActionDumps /Users/macbookpro/Downloads/midscene/midscene_run/report/android-2025-06-23_21-19-05-n03vykpt.html
[2025-06-23T21:28:38.955+02:00] writeOutActionDumps /Users/macbookpro/Downloads/midscene/midscene_run/report/android-2025-06-23_21-27-26-6yi7ydso.html
[2025-06-23T21:32:03.149+02:00] writeOutActionDumps /Users/macbookpro/Downloads/midscene/midscene_run/report/android-2025-06-23_21-31-44-popxrv8q.html
[2025-06-23T21:32:22.472+02:00] writeOutActionDumps /Users/macbookpro/Downloads/midscene/midscene_run/report/android-2025-06-23_21-31-44-popxrv8q.html
[2025-06-23T21:37:19.829+02:00] writeOutActionDumps /Users/macbookpro/Downloads/midscene/midscene_run/report/android-2025-06-23_21-37-00-885k1iv6.html
[2025-06-23T21:37:41.280+02:00] writeOutActionDumps /Users/macbookpro/Downloads/midscene/midscene_run/report/android-2025-06-23_21-37-00-885k1iv6.html
[2025-06-23T21:38:04.153+02:00] writeOutActionDumps /Users/macbookpro/Downloads/midscene/midscene_run/report/android-2025-06-23_21-37-00-885k1iv6.html
[2025-06-23T21:38:25.029+02:00] writeOutActionDumps /Users/macbookpro/Downloads/midscene/midscene_run/report/android-2025-06-23_21-37-00-885k1iv6.html
[2025-06-23T21:38:48.473+02:00] writeOutActionDumps /Users/macbookpro/Downloads/midscene/midscene_run/report/android-2025-06-23_21-37-00-885k1iv6.html
[2025-06-23T21:39:07.795+02:00] writeOutActionDumps /Users/macbookpro/Downloads/midscene/midscene_run/report/android-2025-06-23_21-37-00-885k1iv6.html
[2025-06-23T21:39:28.138+02:00] writeOutActionDumps /Users/macbookpro/Downloads/midscene/midscene_run/report/android-2025-06-23_21-37-00-885k1iv6.html
[2025-06-23T21:39:49.077+02:00] writeOutActionDumps /Users/macbookpro/Downloads/midscene/midscene_run/report/android-2025-06-23_21-37-00-885k1iv6.html
[2025-06-23T21:40:10.554+02:00] writeOutActionDumps /Users/macbookpro/Downloads/midscene/midscene_run/report/android-2025-06-23_21-37-00-885k1iv6.html
[2025-06-23T21:40:36.168+02:00] writeOutActionDumps /Users/macbookpro/Downloads/midscene/midscene_run/report/android-2025-06-23_21-37-00-885k1iv6.html
[2025-06-23T21:40:58.128+02:00] writeOutActionDumps /Users/macbookpro/Downloads/midscene/midscene_run/report/android-2025-06-23_21-37-00-885k1iv6.html
[2025-06-23T21:41:23.853+02:00] writeOutActionDumps /Users/macbookpro/Downloads/midscene/midscene_run/report/android-2025-06-23_21-37-00-885k1iv6.html
[2025-06-23T21:41:44.500+02:00] writeOutActionDumps /Users/macbookpro/Downloads/midscene/midscene_run/report/android-2025-06-23_21-37-00-885k1iv6.html
[2025-06-23T21:42:04.019+02:00] writeOutActionDumps /Users/macbookpro/Downloads/midscene/midscene_run/report/android-2025-06-23_21-37-00-885k1iv6.html
[2025-06-23T21:42:24.316+02:00] writeOutActionDumps /Users/macbookpro/Downloads/midscene/midscene_run/report/android-2025-06-23_21-37-00-885k1iv6.html
[2025-06-23T21:42:44.407+02:00] writeOutActionDumps /Users/macbookpro/Downloads/midscene/midscene_run/report/android-2025-06-23_21-37-00-885k1iv6.html
[2025-06-23T21:43:06.608+02:00] writeOutActionDumps /Users/macbookpro/Downloads/midscene/midscene_run/report/android-2025-06-23_21-37-00-885k1iv6.html
[2025-06-23T21:43:23.839+02:00] writeOutActionDumps /Users/macbookpro/Downloads/midscene/midscene_run/report/android-2025-06-23_21-37-00-885k1iv6.html
[2025-06-23T21:43:41.019+02:00] writeOutActionDumps /Users/macbookpro/Downloads/midscene/midscene_run/report/android-2025-06-23_21-37-00-885k1iv6.html
[2025-06-23T21:43:57.856+02:00] writeOutActionDumps /Users/macbookpro/Downloads/midscene/midscene_run/report/android-2025-06-23_21-37-00-885k1iv6.html
[2025-06-23T21:44:17.638+02:00] writeOutActionDumps /Users/macbookpro/Downloads/midscene/midscene_run/report/android-2025-06-23_21-37-00-885k1iv6.html
[2025-06-23T21:44:37.180+02:00] writeOutActionDumps /Users/macbookpro/Downloads/midscene/midscene_run/report/android-2025-06-23_21-37-00-885k1iv6.html
[2025-06-23T21:44:59.486+02:00] writeOutActionDumps /Users/macbookpro/Downloads/midscene/midscene_run/report/android-2025-06-23_21-37-00-885k1iv6.html
[2025-06-23T21:45:22.872+02:00] writeOutActionDumps /Users/macbookpro/Downloads/midscene/midscene_run/report/android-2025-06-23_21-37-00-885k1iv6.html
[2025-06-23T19:51:34.899Z] writeOutActionDumps /Users/macbookpro/Downloads/midscene/midscene_run/report/android-2025-06-23_21-51-11-8ibaaj3f.html
[2025-06-23T19:51:56.102Z] writeOutActionDumps /Users/macbookpro/Downloads/midscene/midscene_run/report/android-2025-06-23_21-51-11-8ibaaj3f.html
[2025-06-23T19:52:17.043Z] writeOutActionDumps /Users/macbookpro/Downloads/midscene/midscene_run/report/android-2025-06-23_21-51-11-8ibaaj3f.html
[2025-06-23T19:56:59.361Z] writeOutActionDumps /Users/macbookpro/Downloads/midscene/midscene_run/report/android-2025-06-23_21-56-42-e424y77i.html
[2025-06-23T19:57:08.673Z] writeOutActionDumps /Users/macbookpro/Downloads/midscene/midscene_run/report/android-2025-06-23_21-56-42-e424y77i.html
[2025-06-23T19:57:19.496Z] writeOutActionDumps /Users/macbookpro/Downloads/midscene/midscene_run/report/android-2025-06-23_21-56-42-e424y77i.html
[2025-06-23T19:57:38.676Z] writeOutActionDumps /Users/macbookpro/Downloads/midscene/midscene_run/report/android-2025-06-23_21-56-42-e424y77i.html
[2025-06-23T19:58:01.277Z] writeOutActionDumps /Users/macbookpro/Downloads/midscene/midscene_run/report/android-2025-06-23_21-56-42-e424y77i.html
[2025-06-23T19:58:15.699Z] writeOutActionDumps /Users/macbookpro/Downloads/midscene/midscene_run/report/android-2025-06-23_21-56-42-e424y77i.html
[2025-06-23T20:00:56.280Z] writeOutActionDumps /Users/macbookpro/Downloads/midscene/midscene_run/report/android-2025-06-23_22-00-36-dworwaac.html
[2025-06-23T20:01:07.344Z] writeOutActionDumps /Users/macbookpro/Downloads/midscene/midscene_run/report/android-2025-06-23_22-00-36-dworwaac.html
[2025-06-23T20:01:16.231Z] writeOutActionDumps /Users/macbookpro/Downloads/midscene/midscene_run/report/android-2025-06-23_22-00-36-dworwaac.html
[2025-06-23T20:01:35.676Z] writeOutActionDumps /Users/macbookpro/Downloads/midscene/midscene_run/report/android-2025-06-23_22-00-36-dworwaac.html
[2025-06-23T20:01:57.450Z] writeOutActionDumps /Users/macbookpro/Downloads/midscene/midscene_run/report/android-2025-06-23_22-00-36-dworwaac.html
[2025-06-23T20:02:14.709Z] writeOutActionDumps /Users/macbookpro/Downloads/midscene/midscene_run/report/android-2025-06-23_22-00-36-dworwaac.html
[2025-06-23T20:02:34.305Z] writeOutActionDumps /Users/macbookpro/Downloads/midscene/midscene_run/report/android-2025-06-23_22-00-36-dworwaac.html
[2025-06-23T20:02:55.458Z] writeOutActionDumps /Users/macbookpro/Downloads/midscene/midscene_run/report/android-2025-06-23_22-00-36-dworwaac.html
[2025-06-23T20:04:39.002Z] writeOutActionDumps /Users/macbookpro/Downloads/midscene/midscene_run/report/android-2025-06-23_22-04-20-zesn6s7z.html
[2025-06-23T20:04:50.825Z] writeOutActionDumps /Users/macbookpro/Downloads/midscene/midscene_run/report/android-2025-06-23_22-04-20-zesn6s7z.html
[2025-06-23T20:04:59.588Z] writeOutActionDumps /Users/macbookpro/Downloads/midscene/midscene_run/report/android-2025-06-23_22-04-20-zesn6s7z.html
[2025-06-23T20:05:20.344Z] writeOutActionDumps /Users/macbookpro/Downloads/midscene/midscene_run/report/android-2025-06-23_22-04-20-zesn6s7z.html
[2025-06-23T20:05:43.350Z] writeOutActionDumps /Users/macbookpro/Downloads/midscene/midscene_run/report/android-2025-06-23_22-04-20-zesn6s7z.html
[2025-06-23T20:05:57.873Z] writeOutActionDumps /Users/macbookpro/Downloads/midscene/midscene_run/report/android-2025-06-23_22-04-20-zesn6s7z.html
[2025-06-23T20:06:18.382Z] writeOutActionDumps /Users/macbookpro/Downloads/midscene/midscene_run/report/android-2025-06-23_22-04-20-zesn6s7z.html
[2025-06-23T20:06:38.934Z] writeOutActionDumps /Users/macbookpro/Downloads/midscene/midscene_run/report/android-2025-06-23_22-04-20-zesn6s7z.html
[2025-06-23T20:09:10.693Z] writeOutActionDumps /Users/macbookpro/Downloads/midscene/midscene_run/report/android-2025-06-23_22-04-20-zesn6s7z.html
[2025-06-23T20:09:47.646Z] writeOutActionDumps /Users/macbookpro/Downloads/midscene/midscene_run/report/android-2025-06-23_22-09-30-uky4lmzw.html
[2025-06-23T20:09:58.163Z] writeOutActionDumps /Users/macbookpro/Downloads/midscene/midscene_run/report/android-2025-06-23_22-09-30-uky4lmzw.html
[2025-06-23T20:10:06.462Z] writeOutActionDumps /Users/macbookpro/Downloads/midscene/midscene_run/report/android-2025-06-23_22-09-30-uky4lmzw.html
[2025-06-23T20:10:23.480Z] writeOutActionDumps /Users/macbookpro/Downloads/midscene/midscene_run/report/android-2025-06-23_22-09-30-uky4lmzw.html
[2025-06-23T20:10:44.721Z] writeOutActionDumps /Users/macbookpro/Downloads/midscene/midscene_run/report/android-2025-06-23_22-09-30-uky4lmzw.html
[2025-06-23T20:10:59.668Z] writeOutActionDumps /Users/macbookpro/Downloads/midscene/midscene_run/report/android-2025-06-23_22-09-30-uky4lmzw.html
[2025-06-23T20:11:19.818Z] writeOutActionDumps /Users/macbookpro/Downloads/midscene/midscene_run/report/android-2025-06-23_22-09-30-uky4lmzw.html
[2025-06-23T20:11:35.999Z] writeOutActionDumps /Users/macbookpro/Downloads/midscene/midscene_run/report/android-2025-06-23_22-09-30-uky4lmzw.html
[2025-06-23T20:11:53.455Z] writeOutActionDumps /Users/macbookpro/Downloads/midscene/midscene_run/report/android-2025-06-23_22-09-30-uky4lmzw.html
[2025-06-23T20:12:31.868Z] writeOutActionDumps /Users/macbookpro/Downloads/midscene/midscene_run/report/android-2025-06-23_22-09-30-uky4lmzw.html
[2025-06-23T20:12:54.290Z] writeOutActionDumps /Users/macbookpro/Downloads/midscene/midscene_run/report/android-2025-06-23_22-09-30-uky4lmzw.html
[2025-06-23T20:14:16.564Z] writeOutActionDumps /Users/macbookpro/Downloads/midscene/midscene_run/report/android-2025-06-23_22-13-58-8sy97nrm.html
[2025-06-23T20:14:29.611Z] writeOutActionDumps /Users/macbookpro/Downloads/midscene/midscene_run/report/android-2025-06-23_22-13-58-8sy97nrm.html
[2025-06-23T20:14:37.559Z] writeOutActionDumps /Users/macbookpro/Downloads/midscene/midscene_run/report/android-2025-06-23_22-13-58-8sy97nrm.html
[2025-06-23T20:14:57.243Z] writeOutActionDumps /Users/macbookpro/Downloads/midscene/midscene_run/report/android-2025-06-23_22-13-58-8sy97nrm.html
[2025-06-23T20:15:18.773Z] writeOutActionDumps /Users/macbookpro/Downloads/midscene/midscene_run/report/android-2025-06-23_22-13-58-8sy97nrm.html
[2025-06-23T20:15:33.276Z] writeOutActionDumps /Users/macbookpro/Downloads/midscene/midscene_run/report/android-2025-06-23_22-13-58-8sy97nrm.html
[2025-06-23T20:15:55.467Z] writeOutActionDumps /Users/macbookpro/Downloads/midscene/midscene_run/report/android-2025-06-23_22-13-58-8sy97nrm.html
[2025-06-23T20:16:12.496Z] writeOutActionDumps /Users/macbookpro/Downloads/midscene/midscene_run/report/android-2025-06-23_22-13-58-8sy97nrm.html
[2025-06-23T20:19:14.376Z] writeOutActionDumps /Users/macbookpro/Downloads/midscene/midscene_run/report/android-2025-06-23_22-18-55-nhn71qyr.html
[2025-06-23T20:19:24.565Z] writeOutActionDumps /Users/macbookpro/Downloads/midscene/midscene_run/report/android-2025-06-23_22-18-55-nhn71qyr.html
[2025-06-23T20:19:33.537Z] writeOutActionDumps /Users/macbookpro/Downloads/midscene/midscene_run/report/android-2025-06-23_22-18-55-nhn71qyr.html
[2025-06-23T20:19:51.064Z] writeOutActionDumps /Users/macbookpro/Downloads/midscene/midscene_run/report/android-2025-06-23_22-18-55-nhn71qyr.html
[2025-06-23T20:20:13.109Z] writeOutActionDumps /Users/macbookpro/Downloads/midscene/midscene_run/report/android-2025-06-23_22-18-55-nhn71qyr.html
[2025-06-23T20:20:27.956Z] writeOutActionDumps /Users/macbookpro/Downloads/midscene/midscene_run/report/android-2025-06-23_22-18-55-nhn71qyr.html
[2025-06-23T20:20:48.725Z] writeOutActionDumps /Users/macbookpro/Downloads/midscene/midscene_run/report/android-2025-06-23_22-18-55-nhn71qyr.html
[2025-06-23T20:21:06.834Z] writeOutActionDumps /Users/macbookpro/Downloads/midscene/midscene_run/report/android-2025-06-23_22-18-55-nhn71qyr.html
[2025-06-23T20:29:00.630Z] writeOutActionDumps /Users/macbookpro/Downloads/midscene/midscene_run/report/android-2025-06-23_22-28-42-dwibwln0.html
[2025-06-23T20:29:10.574Z] writeOutActionDumps /Users/macbookpro/Downloads/midscene/midscene_run/report/android-2025-06-23_22-28-42-dwibwln0.html
[2025-06-23T20:29:18.134Z] writeOutActionDumps /Users/macbookpro/Downloads/midscene/midscene_run/report/android-2025-06-23_22-28-42-dwibwln0.html
[2025-06-23T20:29:34.759Z] writeOutActionDumps /Users/macbookpro/Downloads/midscene/midscene_run/report/android-2025-06-23_22-28-42-dwibwln0.html
[2025-06-23T20:29:57.858Z] writeOutActionDumps /Users/macbookpro/Downloads/midscene/midscene_run/report/android-2025-06-23_22-28-42-dwibwln0.html
[2025-06-23T20:30:12.862Z] writeOutActionDumps /Users/macbookpro/Downloads/midscene/midscene_run/report/android-2025-06-23_22-28-42-dwibwln0.html
[2025-06-23T20:31:28.213Z] writeOutActionDumps /Users/macbookpro/Downloads/midscene/midscene_run/report/android-2025-06-23_22-28-42-dwibwln0.html
[2025-06-23T20:31:51.348Z] writeOutActionDumps /Users/macbookpro/Downloads/midscene/midscene_run/report/android-2025-06-23_22-28-42-dwibwln0.html
[2025-06-23T20:32:04.407Z] writeOutActionDumps /Users/macbookpro/Downloads/midscene/midscene_run/report/android-2025-06-23_22-28-42-dwibwln0.html
[2025-06-23T20:32:13.806Z] writeOutActionDumps /Users/macbookpro/Downloads/midscene/midscene_run/report/android-2025-06-23_22-28-42-dwibwln0.html
[2025-06-23T20:32:32.931Z] writeOutActionDumps /Users/macbookpro/Downloads/midscene/midscene_run/report/android-2025-06-23_22-28-42-dwibwln0.html
[2025-06-23T20:32:53.897Z] writeOutActionDumps /Users/macbookpro/Downloads/midscene/midscene_run/report/android-2025-06-23_22-28-42-dwibwln0.html
[2025-06-23T20:33:12.262Z] writeOutActionDumps /Users/macbookpro/Downloads/midscene/midscene_run/report/android-2025-06-23_22-28-42-dwibwln0.html
[2025-06-23T20:35:12.774Z] writeOutActionDumps /Users/macbookpro/Downloads/midscene/midscene_run/report/android-2025-06-23_22-34-53-wcd01phi.html
[2025-06-23T20:35:24.759Z] writeOutActionDumps /Users/macbookpro/Downloads/midscene/midscene_run/report/android-2025-06-23_22-34-53-wcd01phi.html
[2025-06-23T20:35:36.192Z] writeOutActionDumps /Users/macbookpro/Downloads/midscene/midscene_run/report/android-2025-06-23_22-34-53-wcd01phi.html
[2025-06-23T20:35:54.189Z] writeOutActionDumps /Users/macbookpro/Downloads/midscene/midscene_run/report/android-2025-06-23_22-34-53-wcd01phi.html
[2025-06-23T20:36:15.587Z] writeOutActionDumps /Users/macbookpro/Downloads/midscene/midscene_run/report/android-2025-06-23_22-34-53-wcd01phi.html
[2025-06-23T20:36:30.264Z] writeOutActionDumps /Users/macbookpro/Downloads/midscene/midscene_run/report/android-2025-06-23_22-34-53-wcd01phi.html
[2025-06-23T20:42:38.135Z] writeOutActionDumps /Users/macbookpro/Downloads/midscene/midscene_run/report/android-2025-06-23_22-42-19-970cmhhu.html
[2025-06-23T20:42:49.489Z] writeOutActionDumps /Users/macbookpro/Downloads/midscene/midscene_run/report/android-2025-06-23_22-42-19-970cmhhu.html
[2025-06-23T20:42:59.663Z] writeOutActionDumps /Users/macbookpro/Downloads/midscene/midscene_run/report/android-2025-06-23_22-42-19-970cmhhu.html
[2025-06-23T20:43:21.997Z] writeOutActionDumps /Users/macbookpro/Downloads/midscene/midscene_run/report/android-2025-06-23_22-42-19-970cmhhu.html
[2025-06-23T20:43:43.885Z] writeOutActionDumps /Users/macbookpro/Downloads/midscene/midscene_run/report/android-2025-06-23_22-42-19-970cmhhu.html
[2025-06-23T20:43:57.886Z] writeOutActionDumps /Users/macbookpro/Downloads/midscene/midscene_run/report/android-2025-06-23_22-42-19-970cmhhu.html
[2025-06-23T20:44:19.074Z] writeOutActionDumps /Users/macbookpro/Downloads/midscene/midscene_run/report/android-2025-06-23_22-42-19-970cmhhu.html
[2025-06-23T20:44:36.187Z] writeOutActionDumps /Users/macbookpro/Downloads/midscene/midscene_run/report/android-2025-06-23_22-42-19-970cmhhu.html
[2025-06-23T20:44:56.513Z] writeOutActionDumps /Users/macbookpro/Downloads/midscene/midscene_run/report/android-2025-06-23_22-42-19-970cmhhu.html
[2025-06-23T20:45:08.909Z] writeOutActionDumps /Users/macbookpro/Downloads/midscene/midscene_run/report/android-2025-06-23_22-42-19-970cmhhu.html
[2025-06-23T20:45:18.474Z] writeOutActionDumps /Users/macbookpro/Downloads/midscene/midscene_run/report/android-2025-06-23_22-42-19-970cmhhu.html
[2025-06-23T20:45:40.517Z] writeOutActionDumps /Users/macbookpro/Downloads/midscene/midscene_run/report/android-2025-06-23_22-42-19-970cmhhu.html
[2025-06-23T20:45:59.029Z] writeOutActionDumps /Users/macbookpro/Downloads/midscene/midscene_run/report/android-2025-06-23_22-42-19-970cmhhu.html
[2025-06-23T20:47:08.439Z] writeOutActionDumps /Users/macbookpro/Downloads/midscene/midscene_run/report/android-2025-06-23_22-46-50-fuan33a6.html
[2025-06-23T20:47:19.734Z] writeOutActionDumps /Users/macbookpro/Downloads/midscene/midscene_run/report/android-2025-06-23_22-46-50-fuan33a6.html
[2025-06-23T20:47:28.320Z] writeOutActionDumps /Users/macbookpro/Downloads/midscene/midscene_run/report/android-2025-06-23_22-46-50-fuan33a6.html
[2025-06-23T20:47:45.452Z] writeOutActionDumps /Users/macbookpro/Downloads/midscene/midscene_run/report/android-2025-06-23_22-46-50-fuan33a6.html
[2025-06-23T20:48:06.618Z] writeOutActionDumps /Users/macbookpro/Downloads/midscene/midscene_run/report/android-2025-06-23_22-46-50-fuan33a6.html
[2025-06-23T20:48:21.010Z] writeOutActionDumps /Users/macbookpro/Downloads/midscene/midscene_run/report/android-2025-06-23_22-46-50-fuan33a6.html
[2025-06-23T20:48:42.251Z] writeOutActionDumps /Users/macbookpro/Downloads/midscene/midscene_run/report/android-2025-06-23_22-46-50-fuan33a6.html
[2025-06-23T20:48:58.616Z] writeOutActionDumps /Users/macbookpro/Downloads/midscene/midscene_run/report/android-2025-06-23_22-46-50-fuan33a6.html
[2025-06-23T20:49:20.158Z] writeOutActionDumps /Users/macbookpro/Downloads/midscene/midscene_run/report/android-2025-06-23_22-46-50-fuan33a6.html
[2025-06-23T20:49:32.057Z] writeOutActionDumps /Users/macbookpro/Downloads/midscene/midscene_run/report/android-2025-06-23_22-46-50-fuan33a6.html
[2025-06-23T20:49:44.468Z] writeOutActionDumps /Users/macbookpro/Downloads/midscene/midscene_run/report/android-2025-06-23_22-46-50-fuan33a6.html
[2025-06-23T20:50:04.802Z] writeOutActionDumps /Users/macbookpro/Downloads/midscene/midscene_run/report/android-2025-06-23_22-46-50-fuan33a6.html
[2025-06-23T20:50:22.486Z] writeOutActionDumps /Users/macbookpro/Downloads/midscene/midscene_run/report/android-2025-06-23_22-46-50-fuan33a6.html
[2025-06-23T20:50:44.700Z] writeOutActionDumps /Users/macbookpro/Downloads/midscene/midscene_run/report/android-2025-06-23_22-46-50-fuan33a6.html
[2025-06-23T20:51:09.020Z] writeOutActionDumps /Users/macbookpro/Downloads/midscene/midscene_run/report/android-2025-06-23_22-46-50-fuan33a6.html
[2025-06-23T20:51:32.858Z] writeOutActionDumps /Users/macbookpro/Downloads/midscene/midscene_run/report/android-2025-06-23_22-46-50-fuan33a6.html
[2025-06-23T20:51:55.154Z] writeOutActionDumps /Users/macbookpro/Downloads/midscene/midscene_run/report/android-2025-06-23_22-46-50-fuan33a6.html
[2025-06-23T20:52:23.018Z] writeOutActionDumps /Users/macbookpro/Downloads/midscene/midscene_run/report/android-2025-06-23_22-46-50-fuan33a6.html
[2025-06-23T20:52:48.434Z] writeOutActionDumps /Users/macbookpro/Downloads/midscene/midscene_run/report/android-2025-06-23_22-46-50-fuan33a6.html
[2025-06-23T20:53:10.198Z] writeOutActionDumps /Users/macbookpro/Downloads/midscene/midscene_run/report/android-2025-06-23_22-46-50-fuan33a6.html
[2025-06-23T20:53:31.865Z] writeOutActionDumps /Users/macbookpro/Downloads/midscene/midscene_run/report/android-2025-06-23_22-46-50-fuan33a6.html
[2025-06-23T20:53:52.880Z] writeOutActionDumps /Users/macbookpro/Downloads/midscene/midscene_run/report/android-2025-06-23_22-46-50-fuan33a6.html
[2025-06-23T20:54:14.251Z] writeOutActionDumps /Users/macbookpro/Downloads/midscene/midscene_run/report/android-2025-06-23_22-46-50-fuan33a6.html
[2025-06-23T20:54:33.875Z] writeOutActionDumps /Users/macbookpro/Downloads/midscene/midscene_run/report/android-2025-06-23_22-46-50-fuan33a6.html
[2025-06-23T20:54:54.601Z] writeOutActionDumps /Users/macbookpro/Downloads/midscene/midscene_run/report/android-2025-06-23_22-46-50-fuan33a6.html
[2025-06-23T20:55:15.483Z] writeOutActionDumps /Users/macbookpro/Downloads/midscene/midscene_run/report/android-2025-06-23_22-46-50-fuan33a6.html
[2025-06-23T20:55:36.460Z] writeOutActionDumps /Users/macbookpro/Downloads/midscene/midscene_run/report/android-2025-06-23_22-46-50-fuan33a6.html
[2025-06-23T20:55:57.644Z] writeOutActionDumps /Users/macbookpro/Downloads/midscene/midscene_run/report/android-2025-06-23_22-46-50-fuan33a6.html
[2025-06-23T20:56:20.800Z] writeOutActionDumps /Users/macbookpro/Downloads/midscene/midscene_run/report/android-2025-06-23_22-46-50-fuan33a6.html
[2025-06-23T20:56:42.848Z] writeOutActionDumps /Users/macbookpro/Downloads/midscene/midscene_run/report/android-2025-06-23_22-46-50-fuan33a6.html
[2025-06-23T20:57:02.145Z] writeOutActionDumps /Users/macbookpro/Downloads/midscene/midscene_run/report/android-2025-06-23_22-46-50-fuan33a6.html
[2025-06-23T20:57:18.977Z] writeOutActionDumps /Users/macbookpro/Downloads/midscene/midscene_run/report/android-2025-06-23_22-46-50-fuan33a6.html
[2025-06-23T20:57:35.018Z] writeOutActionDumps /Users/macbookpro/Downloads/midscene/midscene_run/report/android-2025-06-23_22-46-50-fuan33a6.html
[2025-06-23T20:57:57.397Z] writeOutActionDumps /Users/macbookpro/Downloads/midscene/midscene_run/report/android-2025-06-23_22-46-50-fuan33a6.html
[2025-06-23T20:58:15.333Z] writeOutActionDumps /Users/macbookpro/Downloads/midscene/midscene_run/report/android-2025-06-23_22-46-50-fuan33a6.html
[2025-06-23T20:58:37.084Z] writeOutActionDumps /Users/macbookpro/Downloads/midscene/midscene_run/report/android-2025-06-23_22-46-50-fuan33a6.html
[2025-06-23T20:58:59.553Z] writeOutActionDumps /Users/macbookpro/Downloads/midscene/midscene_run/report/android-2025-06-23_22-46-50-fuan33a6.html
[2025-06-23T20:59:23.127Z] writeOutActionDumps /Users/macbookpro/Downloads/midscene/midscene_run/report/android-2025-06-23_22-46-50-fuan33a6.html
[2025-06-23T20:59:45.523Z] writeOutActionDumps /Users/macbookpro/Downloads/midscene/midscene_run/report/android-2025-06-23_22-46-50-fuan33a6.html
[2025-06-23T21:00:08.656Z] writeOutActionDumps /Users/macbookpro/Downloads/midscene/midscene_run/report/android-2025-06-23_22-46-50-fuan33a6.html
[2025-06-23T21:00:31.057Z] writeOutActionDumps /Users/macbookpro/Downloads/midscene/midscene_run/report/android-2025-06-23_22-46-50-fuan33a6.html
[2025-06-23T21:00:50.976Z] writeOutActionDumps /Users/macbookpro/Downloads/midscene/midscene_run/report/android-2025-06-23_22-46-50-fuan33a6.html
[2025-06-23T21:01:10.680Z] writeOutActionDumps /Users/macbookpro/Downloads/midscene/midscene_run/report/android-2025-06-23_22-46-50-fuan33a6.html
[2025-06-23T21:01:30.929Z] writeOutActionDumps /Users/macbookpro/Downloads/midscene/midscene_run/report/android-2025-06-23_22-46-50-fuan33a6.html
[2025-06-23T21:01:52.050Z] writeOutActionDumps /Users/macbookpro/Downloads/midscene/midscene_run/report/android-2025-06-23_22-46-50-fuan33a6.html
[2025-06-23T21:02:11.764Z] writeOutActionDumps /Users/macbookpro/Downloads/midscene/midscene_run/report/android-2025-06-23_22-46-50-fuan33a6.html
[2025-06-23T21:02:31.946Z] writeOutActionDumps /Users/macbookpro/Downloads/midscene/midscene_run/report/android-2025-06-23_22-46-50-fuan33a6.html
[2025-06-23T21:02:52.272Z] writeOutActionDumps /Users/macbookpro/Downloads/midscene/midscene_run/report/android-2025-06-23_22-46-50-fuan33a6.html
[2025-06-23T21:03:11.692Z] writeOutActionDumps /Users/macbookpro/Downloads/midscene/midscene_run/report/android-2025-06-23_22-46-50-fuan33a6.html
[2025-06-23T21:03:30.422Z] writeOutActionDumps /Users/macbookpro/Downloads/midscene/midscene_run/report/android-2025-06-23_22-46-50-fuan33a6.html
[2025-06-23T21:03:50.434Z] writeOutActionDumps /Users/macbookpro/Downloads/midscene/midscene_run/report/android-2025-06-23_22-46-50-fuan33a6.html
[2025-06-23T21:04:08.341Z] writeOutActionDumps /Users/macbookpro/Downloads/midscene/midscene_run/report/android-2025-06-23_22-46-50-fuan33a6.html
[2025-06-23T21:04:25.464Z] writeOutActionDumps /Users/macbookpro/Downloads/midscene/midscene_run/report/android-2025-06-23_22-46-50-fuan33a6.html
[2025-06-23T21:04:42.214Z] writeOutActionDumps /Users/macbookpro/Downloads/midscene/midscene_run/report/android-2025-06-23_22-46-50-fuan33a6.html
[2025-06-23T21:04:56.065Z] writeOutActionDumps /Users/macbookpro/Downloads/midscene/midscene_run/report/android-2025-06-23_22-46-50-fuan33a6.html
[2025-06-23T21:05:18.292Z] writeOutActionDumps /Users/macbookpro/Downloads/midscene/midscene_run/report/android-2025-06-23_22-46-50-fuan33a6.html
[2025-06-23T21:05:37.965Z] writeOutActionDumps /Users/macbookpro/Downloads/midscene/midscene_run/report/android-2025-06-23_22-46-50-fuan33a6.html
[2025-06-23T21:06:02.896Z] writeOutActionDumps /Users/macbookpro/Downloads/midscene/midscene_run/report/android-2025-06-23_22-46-50-fuan33a6.html
[2025-06-23T21:06:26.039Z] writeOutActionDumps /Users/macbookpro/Downloads/midscene/midscene_run/report/android-2025-06-23_22-46-50-fuan33a6.html
[2025-06-23T21:06:48.905Z] writeOutActionDumps /Users/macbookpro/Downloads/midscene/midscene_run/report/android-2025-06-23_22-46-50-fuan33a6.html
[2025-06-23T21:07:10.029Z] writeOutActionDumps /Users/macbookpro/Downloads/midscene/midscene_run/report/android-2025-06-23_22-46-50-fuan33a6.html
[2025-06-23T21:07:32.855Z] writeOutActionDumps /Users/macbookpro/Downloads/midscene/midscene_run/report/android-2025-06-23_22-46-50-fuan33a6.html
[2025-06-23T21:11:28.779Z] writeOutActionDumps /Users/macbookpro/Downloads/midscene/midscene_run/report/android-2025-06-23_23-11-10-jrinwot9.html
[2025-06-23T21:11:39.254Z] writeOutActionDumps /Users/macbookpro/Downloads/midscene/midscene_run/report/android-2025-06-23_23-11-10-jrinwot9.html
[2025-06-23T21:11:46.895Z] writeOutActionDumps /Users/macbookpro/Downloads/midscene/midscene_run/report/android-2025-06-23_23-11-10-jrinwot9.html
[2025-06-23T21:12:04.927Z] writeOutActionDumps /Users/macbookpro/Downloads/midscene/midscene_run/report/android-2025-06-23_23-11-10-jrinwot9.html
[2025-06-23T21:12:26.201Z] writeOutActionDumps /Users/macbookpro/Downloads/midscene/midscene_run/report/android-2025-06-23_23-11-10-jrinwot9.html
[2025-06-23T21:12:44.178Z] writeOutActionDumps /Users/macbookpro/Downloads/midscene/midscene_run/report/android-2025-06-23_23-11-10-jrinwot9.html
[2025-06-23T21:13:09.320Z] writeOutActionDumps /Users/macbookpro/Downloads/midscene/midscene_run/report/android-2025-06-23_23-11-10-jrinwot9.html
[2025-06-23T21:13:26.372Z] writeOutActionDumps /Users/macbookpro/Downloads/midscene/midscene_run/report/android-2025-06-23_23-11-10-jrinwot9.html
[2025-06-23T21:13:43.102Z] writeOutActionDumps /Users/macbookpro/Downloads/midscene/midscene_run/report/android-2025-06-23_23-11-10-jrinwot9.html
[2025-06-23T21:13:57.080Z] writeOutActionDumps /Users/macbookpro/Downloads/midscene/midscene_run/report/android-2025-06-23_23-11-10-jrinwot9.html
[2025-06-23T21:14:06.187Z] writeOutActionDumps /Users/macbookpro/Downloads/midscene/midscene_run/report/android-2025-06-23_23-11-10-jrinwot9.html
[2025-06-23T21:14:24.773Z] writeOutActionDumps /Users/macbookpro/Downloads/midscene/midscene_run/report/android-2025-06-23_23-11-10-jrinwot9.html
[2025-06-23T21:14:43.624Z] writeOutActionDumps /Users/macbookpro/Downloads/midscene/midscene_run/report/android-2025-06-23_23-11-10-jrinwot9.html
[2025-06-23T21:15:07.091Z] writeOutActionDumps /Users/macbookpro/Downloads/midscene/midscene_run/report/android-2025-06-23_23-11-10-jrinwot9.html
[2025-06-23T21:15:29.936Z] writeOutActionDumps /Users/macbookpro/Downloads/midscene/midscene_run/report/android-2025-06-23_23-11-10-jrinwot9.html
[2025-06-23T21:15:53.029Z] writeOutActionDumps /Users/macbookpro/Downloads/midscene/midscene_run/report/android-2025-06-23_23-11-10-jrinwot9.html
[2025-06-23T21:16:15.932Z] writeOutActionDumps /Users/macbookpro/Downloads/midscene/midscene_run/report/android-2025-06-23_23-11-10-jrinwot9.html
[2025-06-23T21:16:37.118Z] writeOutActionDumps /Users/macbookpro/Downloads/midscene/midscene_run/report/android-2025-06-23_23-11-10-jrinwot9.html
[2025-06-23T21:17:00.597Z] writeOutActionDumps /Users/macbookpro/Downloads/midscene/midscene_run/report/android-2025-06-23_23-11-10-jrinwot9.html
[2025-06-23T21:17:20.438Z] writeOutActionDumps /Users/macbookpro/Downloads/midscene/midscene_run/report/android-2025-06-23_23-11-10-jrinwot9.html
[2025-06-23T21:17:41.027Z] writeOutActionDumps /Users/macbookpro/Downloads/midscene/midscene_run/report/android-2025-06-23_23-11-10-jrinwot9.html
[2025-06-23T21:18:01.937Z] writeOutActionDumps /Users/macbookpro/Downloads/midscene/midscene_run/report/android-2025-06-23_23-11-10-jrinwot9.html
[2025-06-23T21:18:22.160Z] writeOutActionDumps /Users/macbookpro/Downloads/midscene/midscene_run/report/android-2025-06-23_23-11-10-jrinwot9.html
[2025-06-23T21:18:42.192Z] writeOutActionDumps /Users/macbookpro/Downloads/midscene/midscene_run/report/android-2025-06-23_23-11-10-jrinwot9.html
[2025-06-23T21:19:02.169Z] writeOutActionDumps /Users/macbookpro/Downloads/midscene/midscene_run/report/android-2025-06-23_23-11-10-jrinwot9.html
[2025-06-23T21:19:25.752Z] writeOutActionDumps /Users/macbookpro/Downloads/midscene/midscene_run/report/android-2025-06-23_23-11-10-jrinwot9.html
[2025-06-23T21:19:45.824Z] writeOutActionDumps /Users/macbookpro/Downloads/midscene/midscene_run/report/android-2025-06-23_23-11-10-jrinwot9.html
[2025-06-23T21:20:05.964Z] writeOutActionDumps /Users/macbookpro/Downloads/midscene/midscene_run/report/android-2025-06-23_23-11-10-jrinwot9.html
[2025-06-23T21:20:25.187Z] writeOutActionDumps /Users/macbookpro/Downloads/midscene/midscene_run/report/android-2025-06-23_23-11-10-jrinwot9.html
[2025-06-23T21:20:44.790Z] writeOutActionDumps /Users/macbookpro/Downloads/midscene/midscene_run/report/android-2025-06-23_23-11-10-jrinwot9.html
[2025-06-23T21:21:01.982Z] writeOutActionDumps /Users/macbookpro/Downloads/midscene/midscene_run/report/android-2025-06-23_23-11-10-jrinwot9.html
[2025-06-23T21:21:20.155Z] writeOutActionDumps /Users/macbookpro/Downloads/midscene/midscene_run/report/android-2025-06-23_23-11-10-jrinwot9.html
[2025-06-23T21:21:36.509Z] writeOutActionDumps /Users/macbookpro/Downloads/midscene/midscene_run/report/android-2025-06-23_23-11-10-jrinwot9.html
[2025-06-23T21:21:50.844Z] writeOutActionDumps /Users/macbookpro/Downloads/midscene/midscene_run/report/android-2025-06-23_23-11-10-jrinwot9.html
[2025-06-23T21:22:09.838Z] writeOutActionDumps /Users/macbookpro/Downloads/midscene/midscene_run/report/android-2025-06-23_23-11-10-jrinwot9.html
[2025-06-23T21:22:30.227Z] writeOutActionDumps /Users/macbookpro/Downloads/midscene/midscene_run/report/android-2025-06-23_23-11-10-jrinwot9.html
[2025-06-23T21:22:50.835Z] writeOutActionDumps /Users/macbookpro/Downloads/midscene/midscene_run/report/android-2025-06-23_23-11-10-jrinwot9.html
[2025-06-23T21:23:13.841Z] writeOutActionDumps /Users/macbookpro/Downloads/midscene/midscene_run/report/android-2025-06-23_23-11-10-jrinwot9.html
[2025-06-23T21:23:35.336Z] writeOutActionDumps /Users/macbookpro/Downloads/midscene/midscene_run/report/android-2025-06-23_23-11-10-jrinwot9.html
[2025-06-23T21:23:55.968Z] writeOutActionDumps /Users/macbookpro/Downloads/midscene/midscene_run/report/android-2025-06-23_23-11-10-jrinwot9.html
[2025-06-23T21:24:19.702Z] writeOutActionDumps /Users/macbookpro/Downloads/midscene/midscene_run/report/android-2025-06-23_23-11-10-jrinwot9.html
[2025-06-23T21:24:47.920Z] writeOutActionDumps /Users/macbookpro/Downloads/midscene/midscene_run/report/android-2025-06-23_23-11-10-jrinwot9.html
[2025-06-23T21:25:10.550Z] writeOutActionDumps /Users/macbookpro/Downloads/midscene/midscene_run/report/android-2025-06-23_23-11-10-jrinwot9.html
[2025-06-23T21:25:31.206Z] writeOutActionDumps /Users/macbookpro/Downloads/midscene/midscene_run/report/android-2025-06-23_23-11-10-jrinwot9.html
[2025-06-23T21:25:51.154Z] writeOutActionDumps /Users/macbookpro/Downloads/midscene/midscene_run/report/android-2025-06-23_23-11-10-jrinwot9.html
[2025-06-23T21:26:11.307Z] writeOutActionDumps /Users/macbookpro/Downloads/midscene/midscene_run/report/android-2025-06-23_23-11-10-jrinwot9.html
[2025-06-23T21:26:32.026Z] writeOutActionDumps /Users/macbookpro/Downloads/midscene/midscene_run/report/android-2025-06-23_23-11-10-jrinwot9.html
[2025-06-23T21:26:52.448Z] writeOutActionDumps /Users/macbookpro/Downloads/midscene/midscene_run/report/android-2025-06-23_23-11-10-jrinwot9.html
[2025-06-23T21:27:11.825Z] writeOutActionDumps /Users/macbookpro/Downloads/midscene/midscene_run/report/android-2025-06-23_23-11-10-jrinwot9.html
[2025-06-23T21:27:32.242Z] writeOutActionDumps /Users/macbookpro/Downloads/midscene/midscene_run/report/android-2025-06-23_23-11-10-jrinwot9.html
[2025-06-23T21:27:51.487Z] writeOutActionDumps /Users/macbookpro/Downloads/midscene/midscene_run/report/android-2025-06-23_23-11-10-jrinwot9.html
[2025-06-23T21:28:10.247Z] writeOutActionDumps /Users/macbookpro/Downloads/midscene/midscene_run/report/android-2025-06-23_23-11-10-jrinwot9.html
[2025-06-23T21:28:28.759Z] writeOutActionDumps /Users/macbookpro/Downloads/midscene/midscene_run/report/android-2025-06-23_23-11-10-jrinwot9.html
[2025-06-23T21:28:46.295Z] writeOutActionDumps /Users/macbookpro/Downloads/midscene/midscene_run/report/android-2025-06-23_23-11-10-jrinwot9.html
[2025-06-23T21:29:02.475Z] writeOutActionDumps /Users/macbookpro/Downloads/midscene/midscene_run/report/android-2025-06-23_23-11-10-jrinwot9.html
[2025-06-23T21:29:18.127Z] writeOutActionDumps /Users/macbookpro/Downloads/midscene/midscene_run/report/android-2025-06-23_23-11-10-jrinwot9.html
[2025-06-23T21:29:31.177Z] writeOutActionDumps /Users/macbookpro/Downloads/midscene/midscene_run/report/android-2025-06-23_23-11-10-jrinwot9.html
[2025-06-23T21:29:50.847Z] writeOutActionDumps /Users/macbookpro/Downloads/midscene/midscene_run/report/android-2025-06-23_23-11-10-jrinwot9.html
[2025-06-23T21:30:10.342Z] writeOutActionDumps /Users/macbookpro/Downloads/midscene/midscene_run/report/android-2025-06-23_23-11-10-jrinwot9.html
[2025-06-23T21:30:30.277Z] writeOutActionDumps /Users/macbookpro/Downloads/midscene/midscene_run/report/android-2025-06-23_23-11-10-jrinwot9.html
[2025-06-23T21:30:54.786Z] writeOutActionDumps /Users/macbookpro/Downloads/midscene/midscene_run/report/android-2025-06-23_23-11-10-jrinwot9.html
[2025-06-23T21:31:16.340Z] writeOutActionDumps /Users/macbookpro/Downloads/midscene/midscene_run/report/android-2025-06-23_23-11-10-jrinwot9.html
[2025-06-23T21:31:38.234Z] writeOutActionDumps /Users/macbookpro/Downloads/midscene/midscene_run/report/android-2025-06-23_23-11-10-jrinwot9.html
[2025-06-23T21:32:02.336Z] writeOutActionDumps /Users/macbookpro/Downloads/midscene/midscene_run/report/android-2025-06-23_23-11-10-jrinwot9.html
[2025-06-23T21:32:24.062Z] writeOutActionDumps /Users/macbookpro/Downloads/midscene/midscene_run/report/android-2025-06-23_23-11-10-jrinwot9.html
[2025-06-23T21:32:45.952Z] writeOutActionDumps /Users/macbookpro/Downloads/midscene/midscene_run/report/android-2025-06-23_23-11-10-jrinwot9.html
[2025-06-23T21:33:08.813Z] writeOutActionDumps /Users/macbookpro/Downloads/midscene/midscene_run/report/android-2025-06-23_23-11-10-jrinwot9.html
[2025-06-23T21:33:30.135Z] writeOutActionDumps /Users/macbookpro/Downloads/midscene/midscene_run/report/android-2025-06-23_23-11-10-jrinwot9.html
[2025-06-23T21:33:52.229Z] writeOutActionDumps /Users/macbookpro/Downloads/midscene/midscene_run/report/android-2025-06-23_23-11-10-jrinwot9.html
[2025-06-23T21:34:16.327Z] writeOutActionDumps /Users/macbookpro/Downloads/midscene/midscene_run/report/android-2025-06-23_23-11-10-jrinwot9.html
[2025-06-23T21:34:35.309Z] writeOutActionDumps /Users/macbookpro/Downloads/midscene/midscene_run/report/android-2025-06-23_23-11-10-jrinwot9.html
[2025-06-23T21:34:56.037Z] writeOutActionDumps /Users/macbookpro/Downloads/midscene/midscene_run/report/android-2025-06-23_23-11-10-jrinwot9.html
[2025-06-23T21:35:16.561Z] writeOutActionDumps /Users/macbookpro/Downloads/midscene/midscene_run/report/android-2025-06-23_23-11-10-jrinwot9.html
[2025-06-23T21:35:37.866Z] writeOutActionDumps /Users/macbookpro/Downloads/midscene/midscene_run/report/android-2025-06-23_23-11-10-jrinwot9.html
[2025-06-23T21:35:59.285Z] writeOutActionDumps /Users/macbookpro/Downloads/midscene/midscene_run/report/android-2025-06-23_23-11-10-jrinwot9.html
[2025-06-23T21:36:16.207Z] writeOutActionDumps /Users/macbookpro/Downloads/midscene/midscene_run/report/android-2025-06-23_23-35-59-s4czknsp.html
[2025-06-23T21:36:16.893Z] writeOutActionDumps /Users/macbookpro/Downloads/midscene/midscene_run/report/android-2025-06-23_23-11-10-jrinwot9.html
[2025-06-23T21:36:34.346Z] writeOutActionDumps /Users/macbookpro/Downloads/midscene/midscene_run/report/android-2025-06-23_23-35-59-s4czknsp.html
[2025-06-23T21:36:34.859Z] writeOutActionDumps /Users/macbookpro/Downloads/midscene/midscene_run/report/android-2025-06-23_23-11-10-jrinwot9.html
[2025-06-23T21:36:40.996Z] writeOutActionDumps /Users/macbookpro/Downloads/midscene/midscene_run/report/android-2025-06-23_23-35-59-s4czknsp.html
[2025-06-23T21:36:53.052Z] writeOutActionDumps /Users/macbookpro/Downloads/midscene/midscene_run/report/android-2025-06-23_23-11-10-jrinwot9.html
[2025-06-23T21:36:57.583Z] writeOutActionDumps /Users/macbookpro/Downloads/midscene/midscene_run/report/android-2025-06-23_23-35-59-s4czknsp.html
[2025-06-23T21:37:07.412Z] writeOutActionDumps /Users/macbookpro/Downloads/midscene/midscene_run/report/android-2025-06-23_23-11-10-jrinwot9.html
[2025-06-23T21:37:25.428Z] writeOutActionDumps /Users/macbookpro/Downloads/midscene/midscene_run/report/android-2025-06-23_23-11-10-jrinwot9.html
[2025-06-23T21:37:46.446Z] writeOutActionDumps /Users/macbookpro/Downloads/midscene/midscene_run/report/android-2025-06-23_23-11-10-jrinwot9.html
[2025-06-23T21:38:08.606Z] writeOutActionDumps /Users/macbookpro/Downloads/midscene/midscene_run/report/android-2025-06-23_23-11-10-jrinwot9.html
[2025-06-23T21:38:30.618Z] writeOutActionDumps /Users/macbookpro/Downloads/midscene/midscene_run/report/android-2025-06-23_23-11-10-jrinwot9.html
[2025-06-23T21:38:51.825Z] writeOutActionDumps /Users/macbookpro/Downloads/midscene/midscene_run/report/android-2025-06-23_23-38-32-3i3u6lua.html
[2025-06-23T21:38:56.649Z] writeOutActionDumps /Users/macbookpro/Downloads/midscene/midscene_run/report/android-2025-06-23_23-11-10-jrinwot9.html
[2025-06-23T21:39:02.589Z] writeOutActionDumps /Users/macbookpro/Downloads/midscene/midscene_run/report/android-2025-06-23_23-38-32-3i3u6lua.html
[2025-06-23T21:39:19.175Z] writeOutActionDumps /Users/macbookpro/Downloads/midscene/midscene_run/report/android-2025-06-23_23-11-10-jrinwot9.html
[2025-06-23T21:39:20.378Z] writeOutActionDumps /Users/macbookpro/Downloads/midscene/midscene_run/report/android-2025-06-23_23-38-32-3i3u6lua.html
[2025-06-23T21:39:40.381Z] writeOutActionDumps /Users/macbookpro/Downloads/midscene/midscene_run/report/android-2025-06-23_23-38-32-3i3u6lua.html
[2025-06-23T21:39:42.489Z] writeOutActionDumps /Users/macbookpro/Downloads/midscene/midscene_run/report/android-2025-06-23_23-11-10-jrinwot9.html
[2025-06-23T21:39:56.350Z] writeOutActionDumps /Users/macbookpro/Downloads/midscene/midscene_run/report/android-2025-06-23_23-38-32-3i3u6lua.html
[2025-06-23T21:40:04.761Z] writeOutActionDumps /Users/macbookpro/Downloads/midscene/midscene_run/report/android-2025-06-23_23-11-10-jrinwot9.html
[2025-06-23T21:40:14.373Z] writeOutActionDumps /Users/macbookpro/Downloads/midscene/midscene_run/report/android-2025-06-23_23-38-32-3i3u6lua.html
[2025-06-23T21:40:24.979Z] writeOutActionDumps /Users/macbookpro/Downloads/midscene/midscene_run/report/android-2025-06-23_23-11-10-jrinwot9.html
[2025-06-23T21:40:37.347Z] writeOutActionDumps /Users/macbookpro/Downloads/midscene/midscene_run/report/android-2025-06-23_23-38-32-3i3u6lua.html
[2025-06-23T21:40:46.604Z] writeOutActionDumps /Users/macbookpro/Downloads/midscene/midscene_run/report/android-2025-06-23_23-11-10-jrinwot9.html
[2025-06-23T21:40:52.405Z] writeOutActionDumps /Users/macbookpro/Downloads/midscene/midscene_run/report/android-2025-06-23_23-38-32-3i3u6lua.html
[2025-06-23T21:41:08.335Z] writeOutActionDumps /Users/macbookpro/Downloads/midscene/midscene_run/report/android-2025-06-23_23-11-10-jrinwot9.html
[2025-06-23T21:41:11.486Z] writeOutActionDumps /Users/macbookpro/Downloads/midscene/midscene_run/report/android-2025-06-23_23-38-32-3i3u6lua.html
[2025-06-23T21:41:29.642Z] writeOutActionDumps /Users/macbookpro/Downloads/midscene/midscene_run/report/android-2025-06-23_23-38-32-3i3u6lua.html
[2025-06-23T21:41:31.108Z] writeOutActionDumps /Users/macbookpro/Downloads/midscene/midscene_run/report/android-2025-06-23_23-11-10-jrinwot9.html
[2025-06-23T21:41:47.629Z] writeOutActionDumps /Users/macbookpro/Downloads/midscene/midscene_run/report/android-2025-06-23_23-38-32-3i3u6lua.html
[2025-06-23T21:41:49.310Z] writeOutActionDumps /Users/macbookpro/Downloads/midscene/midscene_run/report/android-2025-06-23_23-11-10-jrinwot9.html
[2025-06-23T21:41:59.538Z] writeOutActionDumps /Users/macbookpro/Downloads/midscene/midscene_run/report/android-2025-06-23_23-38-32-3i3u6lua.html
[2025-06-23T21:42:07.963Z] writeOutActionDumps /Users/macbookpro/Downloads/midscene/midscene_run/report/android-2025-06-23_23-38-32-3i3u6lua.html
[2025-06-23T21:42:10.653Z] writeOutActionDumps /Users/macbookpro/Downloads/midscene/midscene_run/report/android-2025-06-23_23-11-10-jrinwot9.html
[2025-06-23T21:42:23.102Z] writeOutActionDumps /Users/macbookpro/Downloads/midscene/midscene_run/report/android-2025-06-23_23-38-32-3i3u6lua.html
[2025-06-23T21:42:31.071Z] writeOutActionDumps /Users/macbookpro/Downloads/midscene/midscene_run/report/android-2025-06-23_23-11-10-jrinwot9.html
[2025-06-23T21:42:39.727Z] writeOutActionDumps /Users/macbookpro/Downloads/midscene/midscene_run/report/android-2025-06-23_23-38-32-3i3u6lua.html
[2025-06-23T21:42:51.810Z] writeOutActionDumps /Users/macbookpro/Downloads/midscene/midscene_run/report/android-2025-06-23_23-11-10-jrinwot9.html
[2025-06-23T21:42:59.839Z] writeOutActionDumps /Users/macbookpro/Downloads/midscene/midscene_run/report/android-2025-06-23_23-38-32-3i3u6lua.html
[2025-06-23T21:43:12.761Z] writeOutActionDumps /Users/macbookpro/Downloads/midscene/midscene_run/report/android-2025-06-23_23-11-10-jrinwot9.html
[2025-06-23T21:43:24.913Z] writeOutActionDumps /Users/macbookpro/Downloads/midscene/midscene_run/report/android-2025-06-23_23-38-32-3i3u6lua.html
[2025-06-23T21:43:31.975Z] writeOutActionDumps /Users/macbookpro/Downloads/midscene/midscene_run/report/android-2025-06-23_23-11-10-jrinwot9.html
[2025-06-23T21:43:54.421Z] writeOutActionDumps /Users/macbookpro/Downloads/midscene/midscene_run/report/android-2025-06-23_23-38-32-3i3u6lua.html
[2025-06-23T21:43:55.763Z] writeOutActionDumps /Users/macbookpro/Downloads/midscene/midscene_run/report/android-2025-06-23_23-11-10-jrinwot9.html
[2025-06-23T21:44:11.716Z] writeOutActionDumps /Users/macbookpro/Downloads/midscene/midscene_run/report/android-2025-06-23_23-11-10-jrinwot9.html
[2025-06-23T21:44:18.597Z] writeOutActionDumps /Users/macbookpro/Downloads/midscene/midscene_run/report/android-2025-06-23_23-38-32-3i3u6lua.html
[2025-06-23T21:44:27.933Z] writeOutActionDumps /Users/macbookpro/Downloads/midscene/midscene_run/report/android-2025-06-23_23-11-10-jrinwot9.html
[2025-06-23T21:44:45.186Z] writeOutActionDumps /Users/macbookpro/Downloads/midscene/midscene_run/report/android-2025-06-23_23-38-32-3i3u6lua.html
[2025-06-23T21:45:02.022Z] writeOutActionDumps /Users/macbookpro/Downloads/midscene/midscene_run/report/android-2025-06-23_23-11-10-jrinwot9.html
[2025-06-23T21:45:05.784Z] writeOutActionDumps /Users/macbookpro/Downloads/midscene/midscene_run/report/android-2025-06-23_23-38-32-3i3u6lua.html
[2025-06-23T21:45:21.652Z] writeOutActionDumps /Users/macbookpro/Downloads/midscene/midscene_run/report/android-2025-06-23_23-11-10-jrinwot9.html
[2025-06-23T21:45:25.993Z] writeOutActionDumps /Users/macbookpro/Downloads/midscene/midscene_run/report/android-2025-06-23_23-38-32-3i3u6lua.html
[2025-06-23T21:45:41.176Z] writeOutActionDumps /Users/macbookpro/Downloads/midscene/midscene_run/report/android-2025-06-23_23-11-10-jrinwot9.html
[2025-06-23T21:45:46.512Z] writeOutActionDumps /Users/macbookpro/Downloads/midscene/midscene_run/report/android-2025-06-23_23-38-32-3i3u6lua.html
[2025-06-23T21:46:04.936Z] writeOutActionDumps /Users/macbookpro/Downloads/midscene/midscene_run/report/android-2025-06-23_23-11-10-jrinwot9.html
[2025-06-23T21:46:06.321Z] writeOutActionDumps /Users/macbookpro/Downloads/midscene/midscene_run/report/android-2025-06-23_23-38-32-3i3u6lua.html
[2025-06-23T21:46:26.931Z] writeOutActionDumps /Users/macbookpro/Downloads/midscene/midscene_run/report/android-2025-06-23_23-38-32-3i3u6lua.html
[2025-06-23T21:46:31.338Z] writeOutActionDumps /Users/macbookpro/Downloads/midscene/midscene_run/report/android-2025-06-23_23-11-10-jrinwot9.html
[2025-06-23T21:46:49.863Z] writeOutActionDumps /Users/macbookpro/Downloads/midscene/midscene_run/report/android-2025-06-23_23-38-32-3i3u6lua.html
[2025-06-23T21:46:54.447Z] writeOutActionDumps /Users/macbookpro/Downloads/midscene/midscene_run/report/android-2025-06-23_23-11-10-jrinwot9.html
[2025-06-23T21:47:12.473Z] writeOutActionDumps /Users/macbookpro/Downloads/midscene/midscene_run/report/android-2025-06-23_23-38-32-3i3u6lua.html
[2025-06-23T21:47:20.170Z] writeOutActionDumps /Users/macbookpro/Downloads/midscene/midscene_run/report/android-2025-06-23_23-11-10-jrinwot9.html
[2025-06-23T21:47:33.189Z] writeOutActionDumps /Users/macbookpro/Downloads/midscene/midscene_run/report/android-2025-06-23_23-38-32-3i3u6lua.html
[2025-06-23T21:47:40.831Z] writeOutActionDumps /Users/macbookpro/Downloads/midscene/midscene_run/report/android-2025-06-23_23-11-10-jrinwot9.html
[2025-06-23T21:47:54.488Z] writeOutActionDumps /Users/macbookpro/Downloads/midscene/midscene_run/report/android-2025-06-23_23-38-32-3i3u6lua.html
[2025-06-23T21:48:01.804Z] writeOutActionDumps /Users/macbookpro/Downloads/midscene/midscene_run/report/android-2025-06-23_23-11-10-jrinwot9.html
[2025-06-23T21:48:15.244Z] writeOutActionDumps /Users/macbookpro/Downloads/midscene/midscene_run/report/android-2025-06-23_23-38-32-3i3u6lua.html
[2025-06-23T21:48:23.345Z] writeOutActionDumps /Users/macbookpro/Downloads/midscene/midscene_run/report/android-2025-06-23_23-11-10-jrinwot9.html
[2025-06-23T21:48:36.463Z] writeOutActionDumps /Users/macbookpro/Downloads/midscene/midscene_run/report/android-2025-06-23_23-38-32-3i3u6lua.html
[2025-06-23T21:48:45.056Z] writeOutActionDumps /Users/macbookpro/Downloads/midscene/midscene_run/report/android-2025-06-23_23-11-10-jrinwot9.html
[2025-06-23T21:48:58.561Z] writeOutActionDumps /Users/macbookpro/Downloads/midscene/midscene_run/report/android-2025-06-23_23-38-32-3i3u6lua.html
[2025-06-23T21:49:08.114Z] writeOutActionDumps /Users/macbookpro/Downloads/midscene/midscene_run/report/android-2025-06-23_23-11-10-jrinwot9.html
[2025-06-23T21:49:18.744Z] writeOutActionDumps /Users/macbookpro/Downloads/midscene/midscene_run/report/android-2025-06-23_23-38-32-3i3u6lua.html
[2025-06-23T21:49:29.944Z] writeOutActionDumps /Users/macbookpro/Downloads/midscene/midscene_run/report/android-2025-06-23_23-11-10-jrinwot9.html
[2025-06-23T21:49:36.643Z] writeOutActionDumps /Users/macbookpro/Downloads/midscene/midscene_run/report/android-2025-06-23_23-38-32-3i3u6lua.html
[2025-06-23T21:49:49.362Z] writeOutActionDumps /Users/macbookpro/Downloads/midscene/midscene_run/report/android-2025-06-23_23-11-10-jrinwot9.html
[2025-06-23T21:49:52.621Z] writeOutActionDumps /Users/macbookpro/Downloads/midscene/midscene_run/report/android-2025-06-23_23-38-32-3i3u6lua.html
[2025-06-23T21:50:07.453Z] writeOutActionDumps /Users/macbookpro/Downloads/midscene/midscene_run/report/android-2025-06-23_23-38-32-3i3u6lua.html
[2025-06-23T21:50:10.388Z] writeOutActionDumps /Users/macbookpro/Downloads/midscene/midscene_run/report/android-2025-06-23_23-11-10-jrinwot9.html
[2025-06-23T21:50:30.028Z] writeOutActionDumps /Users/macbookpro/Downloads/midscene/midscene_run/report/android-2025-06-23_23-11-10-jrinwot9.html
[2025-06-23T21:50:31.394Z] writeOutActionDumps /Users/macbookpro/Downloads/midscene/midscene_run/report/android-2025-06-23_23-38-32-3i3u6lua.html
[2025-06-23T21:50:50.124Z] writeOutActionDumps /Users/macbookpro/Downloads/midscene/midscene_run/report/android-2025-06-23_23-11-10-jrinwot9.html
[2025-06-23T21:50:51.367Z] writeOutActionDumps /Users/macbookpro/Downloads/midscene/midscene_run/report/android-2025-06-23_23-38-32-3i3u6lua.html
[2025-06-23T21:51:10.058Z] writeOutActionDumps /Users/macbookpro/Downloads/midscene/midscene_run/report/android-2025-06-23_23-11-10-jrinwot9.html
[2025-06-23T21:51:13.036Z] writeOutActionDumps /Users/macbookpro/Downloads/midscene/midscene_run/report/android-2025-06-23_23-38-32-3i3u6lua.html
[2025-06-23T21:51:26.098Z] writeOutActionDumps /Users/macbookpro/Downloads/midscene/midscene_run/report/android-2025-06-23_23-11-10-jrinwot9.html
[2025-06-23T21:51:36.573Z] writeOutActionDumps /Users/macbookpro/Downloads/midscene/midscene_run/report/android-2025-06-23_23-38-32-3i3u6lua.html
[2025-06-23T21:51:43.961Z] writeOutActionDumps /Users/macbookpro/Downloads/midscene/midscene_run/report/android-2025-06-23_23-11-10-jrinwot9.html
[2025-06-23T21:51:55.845Z] writeOutActionDumps /Users/macbookpro/Downloads/midscene/midscene_run/report/android-2025-06-23_23-38-32-3i3u6lua.html
[2025-06-23T21:51:57.302Z] writeOutActionDumps /Users/macbookpro/Downloads/midscene/midscene_run/report/android-2025-06-23_23-11-10-jrinwot9.html
[2025-06-23T21:52:15.282Z] writeOutActionDumps /Users/macbookpro/Downloads/midscene/midscene_run/report/android-2025-06-23_23-38-32-3i3u6lua.html
[2025-06-23T21:52:36.446Z] writeOutActionDumps /Users/macbookpro/Downloads/midscene/midscene_run/report/android-2025-06-23_23-38-32-3i3u6lua.html
[2025-06-23T21:52:59.034Z] writeOutActionDumps /Users/macbookpro/Downloads/midscene/midscene_run/report/android-2025-06-23_23-38-32-3i3u6lua.html
[2025-06-23T21:53:18.919Z] writeOutActionDumps /Users/macbookpro/Downloads/midscene/midscene_run/report/android-2025-06-23_23-38-32-3i3u6lua.html
[2025-06-23T21:53:37.813Z] writeOutActionDumps /Users/macbookpro/Downloads/midscene/midscene_run/report/android-2025-06-23_23-38-32-3i3u6lua.html
[2025-06-23T21:53:56.482Z] writeOutActionDumps /Users/macbookpro/Downloads/midscene/midscene_run/report/android-2025-06-23_23-38-32-3i3u6lua.html
[2025-06-23T21:54:16.334Z] writeOutActionDumps /Users/macbookpro/Downloads/midscene/midscene_run/report/android-2025-06-23_23-38-32-3i3u6lua.html
[2025-06-23T21:54:35.340Z] writeOutActionDumps /Users/macbookpro/Downloads/midscene/midscene_run/report/android-2025-06-23_23-38-32-3i3u6lua.html
[2025-06-23T21:54:55.213Z] writeOutActionDumps /Users/macbookpro/Downloads/midscene/midscene_run/report/android-2025-06-23_23-38-32-3i3u6lua.html
[2025-06-23T21:55:16.506Z] writeOutActionDumps /Users/macbookpro/Downloads/midscene/midscene_run/report/android-2025-06-23_23-38-32-3i3u6lua.html
[2025-06-23T21:55:36.771Z] writeOutActionDumps /Users/macbookpro/Downloads/midscene/midscene_run/report/android-2025-06-23_23-38-32-3i3u6lua.html
[2025-06-23T21:55:56.632Z] writeOutActionDumps /Users/macbookpro/Downloads/midscene/midscene_run/report/android-2025-06-23_23-38-32-3i3u6lua.html
[2025-06-23T21:56:17.613Z] writeOutActionDumps /Users/macbookpro/Downloads/midscene/midscene_run/report/android-2025-06-23_23-38-32-3i3u6lua.html
[2025-06-23T21:56:37.318Z] writeOutActionDumps /Users/macbookpro/Downloads/midscene/midscene_run/report/android-2025-06-23_23-38-32-3i3u6lua.html
[2025-06-23T21:56:54.235Z] writeOutActionDumps /Users/macbookpro/Downloads/midscene/midscene_run/report/android-2025-06-23_23-38-32-3i3u6lua.html
